Arguments: 
  C:\Program Files\nodejs\node.exe C:\Users\48602\AppData\Roaming\npm\node_modules\yarn\bin\yarn.js add express.session

PATH: 
  C:\Users\48602\bin;D:\programming\Git\mingw64\bin;D:\programming\Git\usr\local\bin;D:\programming\Git\usr\bin;D:\programming\Git\usr\bin;D:\programming\Git\cmd;C:\Windows\system32;C:\Windows;C:\Windows\System32\Wbem;C:\Windows\System32\WindowsPowerShell\v1.0;C:\Windows\System32\OpenSSH;C:\Program Files (x86)\NVIDIA Corporation\PhysX\Common;D:\programming\Git\cmd;C:\Program Files\dotnet;C:\Program Files\NVIDIA Corporation\NVIDIA NvDLISR;C:\Users\48602\AppData\Roaming\nvm;C:\Program Files\nodejs;C:\Users\48602\AppData\Local\Microsoft\WindowsApps;D:\programming\hyper\resources\bin;C:\Users\48602\AppData\Roaming\npm;D:\programming\Microsoft VS Code\bin;C:\Program Files\heroku\bin;C:\Users\48602\AppData\Roaming\nvm;C:\Program Files\nodejs;D:\programming\Git\usr\bin\vendor_perl;D:\programming\Git\usr\bin\core_perl

Yarn version: 
  1.22.19

Node version: 
  16.20.1

Platform: 
  win32 x64

Trace: 
  Error: https://registry.yarnpkg.com/express.session: Not found
      at Request.params.callback [as _callback] (C:\Users\48602\AppData\Roaming\npm\node_modules\yarn\lib\cli.js:66145:18)
      at Request.self.callback (C:\Users\48602\AppData\Roaming\npm\node_modules\yarn\lib\cli.js:140890:22)
      at Request.emit (node:events:513:28)
      at Request.<anonymous> (C:\Users\48602\AppData\Roaming\npm\node_modules\yarn\lib\cli.js:141862:10)
      at Request.emit (node:events:513:28)
      at IncomingMessage.<anonymous> (C:\Users\48602\AppData\Roaming\npm\node_modules\yarn\lib\cli.js:141784:12)
      at Object.onceWrapper (node:events:627:28)
      at IncomingMessage.emit (node:events:525:35)
      at endReadableNT (node:internal/streams/readable:1358:12)
      at processTicksAndRejections (node:internal/process/task_queues:83:21)

npm manifest: 
  {
    "name": "myAppi",
    "version": "1.0.0",
    "main": "index.js",
    "license": "MIT",
    "dependencies": {
      "bcryptjs": "^2.4.3",
      "cors": "^2.8.5",
      "express": "4.17.3",
      "mongo-sanitize": "1.0.1",
      "mongodb": "4.17.0",
      "mongoose": "7.5.0",
      "onchange": "6.1.0",
      "socket.io": "^4.7.2"
    },
    "scripts": {
      "start": "nodemon server.js"
    }
  }

yarn manifest: 
  No manifest

Lockfile: 
  # THIS IS AN AUTOGENERATED FILE. DO NOT EDIT THIS FILE DIRECTLY.
  # yarn lockfile v1
  
  
  "@aws-crypto/crc32@3.0.0":
    version "3.0.0"
    resolved "https://registry.yarnpkg.com/@aws-crypto/crc32/-/crc32-3.0.0.tgz#07300eca214409c33e3ff769cd5697b57fdd38fa"
    integrity sha512-IzSgsrxUcsrejQbPVilIKy16kAT52EwB6zSaI+M3xxIhKh5+aldEyvI+z6erM7TCLB2BJsFrtHjp6/4/sr+3dA==
    dependencies:
      "@aws-crypto/util" "^3.0.0"
      "@aws-sdk/types" "^3.222.0"
      tslib "^1.11.1"
  
  "@aws-crypto/ie11-detection@^3.0.0":
    version "3.0.0"
    resolved "https://registry.yarnpkg.com/@aws-crypto/ie11-detection/-/ie11-detection-3.0.0.tgz#640ae66b4ec3395cee6a8e94ebcd9f80c24cd688"
    integrity sha512-341lBBkiY1DfDNKai/wXM3aujNBkXR7tq1URPQDL9wi3AUbI80NR74uF1TXHMm7po1AcnFk8iu2S2IeU/+/A+Q==
    dependencies:
      tslib "^1.11.1"
  
  "@aws-crypto/sha256-browser@3.0.0":
    version "3.0.0"
    resolved "https://registry.yarnpkg.com/@aws-crypto/sha256-browser/-/sha256-browser-3.0.0.tgz#05f160138ab893f1c6ba5be57cfd108f05827766"
    integrity sha512-8VLmW2B+gjFbU5uMeqtQM6Nj0/F1bro80xQXCW6CQBWgosFWXTx77aeOF5CAIAmbOK64SdMBJdNr6J41yP5mvQ==
    dependencies:
      "@aws-crypto/ie11-detection" "^3.0.0"
      "@aws-crypto/sha256-js" "^3.0.0"
      "@aws-crypto/supports-web-crypto" "^3.0.0"
      "@aws-crypto/util" "^3.0.0"
      "@aws-sdk/types" "^3.222.0"
      "@aws-sdk/util-locate-window" "^3.0.0"
      "@aws-sdk/util-utf8-browser" "^3.0.0"
      tslib "^1.11.1"
  
  "@aws-crypto/sha256-js@3.0.0", "@aws-crypto/sha256-js@^3.0.0":
    version "3.0.0"
    resolved "https://registry.yarnpkg.com/@aws-crypto/sha256-js/-/sha256-js-3.0.0.tgz#f06b84d550d25521e60d2a0e2a90139341e007c2"
    integrity sha512-PnNN7os0+yd1XvXAy23CFOmTbMaDxgxXtTKHybrJ39Y8kGzBATgBFibWJKH6BhytLI/Zyszs87xCOBNyBig6vQ==
    dependencies:
      "@aws-crypto/util" "^3.0.0"
      "@aws-sdk/types" "^3.222.0"
      tslib "^1.11.1"
  
  "@aws-crypto/supports-web-crypto@^3.0.0":
    version "3.0.0"
    resolved "https://registry.yarnpkg.com/@aws-crypto/supports-web-crypto/-/supports-web-crypto-3.0.0.tgz#5d1bf825afa8072af2717c3e455f35cda0103ec2"
    integrity sha512-06hBdMwUAb2WFTuGG73LSC0wfPu93xWwo5vL2et9eymgmu3Id5vFAHBbajVWiGhPO37qcsdCap/FqXvJGJWPIg==
    dependencies:
      tslib "^1.11.1"
  
  "@aws-crypto/util@^3.0.0":
    version "3.0.0"
    resolved "https://registry.yarnpkg.com/@aws-crypto/util/-/util-3.0.0.tgz#1c7ca90c29293f0883468ad48117937f0fe5bfb0"
    integrity sha512-2OJlpeJpCR48CC8r+uKVChzs9Iungj9wkZrl8Z041DWEWvyIHILYKCPNzJghKsivj+S3mLo6BVc7mBNzdxA46w==
    dependencies:
      "@aws-sdk/types" "^3.222.0"
      "@aws-sdk/util-utf8-browser" "^3.0.0"
      tslib "^1.11.1"
  
  "@aws-sdk/client-cognito-identity@3.465.0":
    version "3.465.0"
    resolved "https://registry.yarnpkg.com/@aws-sdk/client-cognito-identity/-/client-cognito-identity-3.465.0.tgz#4d9082c9e9003f180649abeb216e9cbcdac8396b"
    integrity sha512-Ku1034M9jjsXbLBS5DwQfcTwWwu2oxtmdbsxvEm4I7IUA/h1++hKPzZuJ6L9zo7I7GbA+WnCryviUdtbgCqTfA==
    dependencies:
      "@aws-crypto/sha256-browser" "3.0.0"
      "@aws-crypto/sha256-js" "3.0.0"
      "@aws-sdk/client-sts" "3.465.0"
      "@aws-sdk/core" "3.465.0"
      "@aws-sdk/credential-provider-node" "3.465.0"
      "@aws-sdk/middleware-host-header" "3.465.0"
      "@aws-sdk/middleware-logger" "3.465.0"
      "@aws-sdk/middleware-recursion-detection" "3.465.0"
      "@aws-sdk/middleware-signing" "3.465.0"
      "@aws-sdk/middleware-user-agent" "3.465.0"
      "@aws-sdk/region-config-resolver" "3.465.0"
      "@aws-sdk/types" "3.465.0"
      "@aws-sdk/util-endpoints" "3.465.0"
      "@aws-sdk/util-user-agent-browser" "3.465.0"
      "@aws-sdk/util-user-agent-node" "3.465.0"
      "@smithy/config-resolver" "^2.0.18"
      "@smithy/fetch-http-handler" "^2.2.6"
      "@smithy/hash-node" "^2.0.15"
      "@smithy/invalid-dependency" "^2.0.13"
      "@smithy/middleware-content-length" "^2.0.15"
      "@smithy/middleware-endpoint" "^2.2.0"
      "@smithy/middleware-retry" "^2.0.20"
      "@smithy/middleware-serde" "^2.0.13"
      "@smithy/middleware-stack" "^2.0.7"
      "@smithy/node-config-provider" "^2.1.5"
      "@smithy/node-http-handler" "^2.1.9"
      "@smithy/protocol-http" "^3.0.9"
      "@smithy/smithy-client" "^2.1.15"
      "@smithy/types" "^2.5.0"
      "@smithy/url-parser" "^2.0.13"
      "@smithy/util-base64" "^2.0.1"
      "@smithy/util-body-length-browser" "^2.0.0"
      "@smithy/util-body-length-node" "^2.1.0"
      "@smithy/util-defaults-mode-browser" "^2.0.19"
      "@smithy/util-defaults-mode-node" "^2.0.25"
      "@smithy/util-endpoints" "^1.0.4"
      "@smithy/util-retry" "^2.0.6"
      "@smithy/util-utf8" "^2.0.2"
      tslib "^2.5.0"
  
  "@aws-sdk/client-sso@3.465.0":
    version "3.465.0"
    resolved "https://registry.yarnpkg.com/@aws-sdk/client-sso/-/client-sso-3.465.0.tgz#a732c640767d8d82c3c73d798720d0a8d355184d"
    integrity sha512-JXDBa3Sl+LS0KEOs0PZoIjpNKEEGfeyFwdnRxi8Y1hMXNEKyJug1cI2Psqu2olpn4KeXwoP1BuITppZYdolOew==
    dependencies:
      "@aws-crypto/sha256-browser" "3.0.0"
      "@aws-crypto/sha256-js" "3.0.0"
      "@aws-sdk/core" "3.465.0"
      "@aws-sdk/middleware-host-header" "3.465.0"
      "@aws-sdk/middleware-logger" "3.465.0"
      "@aws-sdk/middleware-recursion-detection" "3.465.0"
      "@aws-sdk/middleware-user-agent" "3.465.0"
      "@aws-sdk/region-config-resolver" "3.465.0"
      "@aws-sdk/types" "3.465.0"
      "@aws-sdk/util-endpoints" "3.465.0"
      "@aws-sdk/util-user-agent-browser" "3.465.0"
      "@aws-sdk/util-user-agent-node" "3.465.0"
      "@smithy/config-resolver" "^2.0.18"
      "@smithy/fetch-http-handler" "^2.2.6"
      "@smithy/hash-node" "^2.0.15"
      "@smithy/invalid-dependency" "^2.0.13"
      "@smithy/middleware-content-length" "^2.0.15"
      "@smithy/middleware-endpoint" "^2.2.0"
      "@smithy/middleware-retry" "^2.0.20"
      "@smithy/middleware-serde" "^2.0.13"
      "@smithy/middleware-stack" "^2.0.7"
      "@smithy/node-config-provider" "^2.1.5"
      "@smithy/node-http-handler" "^2.1.9"
      "@smithy/protocol-http" "^3.0.9"
      "@smithy/smithy-client" "^2.1.15"
      "@smithy/types" "^2.5.0"
      "@smithy/url-parser" "^2.0.13"
      "@smithy/util-base64" "^2.0.1"
      "@smithy/util-body-length-browser" "^2.0.0"
      "@smithy/util-body-length-node" "^2.1.0"
      "@smithy/util-defaults-mode-browser" "^2.0.19"
      "@smithy/util-defaults-mode-node" "^2.0.25"
      "@smithy/util-endpoints" "^1.0.4"
      "@smithy/util-retry" "^2.0.6"
      "@smithy/util-utf8" "^2.0.2"
      tslib "^2.5.0"
  
  "@aws-sdk/client-sts@3.465.0":
    version "3.465.0"
    resolved "https://registry.yarnpkg.com/@aws-sdk/client-sts/-/client-sts-3.465.0.tgz#b356b90b0e31a82dc41995282245f74d023ea8b5"
    integrity sha512-rHi9ba6ssNbVjlWSdhi4C5newEhGhzkY9UE4KB+/Tj21zXfEP8r6uIltnQXPtun2SdA95Krh/yS1qQ4MRuzqyA==
    dependencies:
      "@aws-crypto/sha256-browser" "3.0.0"
      "@aws-crypto/sha256-js" "3.0.0"
      "@aws-sdk/core" "3.465.0"
      "@aws-sdk/credential-provider-node" "3.465.0"
      "@aws-sdk/middleware-host-header" "3.465.0"
      "@aws-sdk/middleware-logger" "3.465.0"
      "@aws-sdk/middleware-recursion-detection" "3.465.0"
      "@aws-sdk/middleware-sdk-sts" "3.465.0"
      "@aws-sdk/middleware-signing" "3.465.0"
      "@aws-sdk/middleware-user-agent" "3.465.0"
      "@aws-sdk/region-config-resolver" "3.465.0"
      "@aws-sdk/types" "3.465.0"
      "@aws-sdk/util-endpoints" "3.465.0"
      "@aws-sdk/util-user-agent-browser" "3.465.0"
      "@aws-sdk/util-user-agent-node" "3.465.0"
      "@smithy/config-resolver" "^2.0.18"
      "@smithy/fetch-http-handler" "^2.2.6"
      "@smithy/hash-node" "^2.0.15"
      "@smithy/invalid-dependency" "^2.0.13"
      "@smithy/middleware-content-length" "^2.0.15"
      "@smithy/middleware-endpoint" "^2.2.0"
      "@smithy/middleware-retry" "^2.0.20"
      "@smithy/middleware-serde" "^2.0.13"
      "@smithy/middleware-stack" "^2.0.7"
      "@smithy/node-config-provider" "^2.1.5"
      "@smithy/node-http-handler" "^2.1.9"
      "@smithy/protocol-http" "^3.0.9"
      "@smithy/smithy-client" "^2.1.15"
      "@smithy/types" "^2.5.0"
      "@smithy/url-parser" "^2.0.13"
      "@smithy/util-base64" "^2.0.1"
      "@smithy/util-body-length-browser" "^2.0.0"
      "@smithy/util-body-length-node" "^2.1.0"
      "@smithy/util-defaults-mode-browser" "^2.0.19"
      "@smithy/util-defaults-mode-node" "^2.0.25"
      "@smithy/util-endpoints" "^1.0.4"
      "@smithy/util-retry" "^2.0.6"
      "@smithy/util-utf8" "^2.0.2"
      fast-xml-parser "4.2.5"
      tslib "^2.5.0"
  
  "@aws-sdk/core@3.465.0":
    version "3.465.0"
    resolved "https://registry.yarnpkg.com/@aws-sdk/core/-/core-3.465.0.tgz#bfc9dd0fbd953f0839666e9b24c50c4543f49112"
    integrity sha512-fHSIw/Rgex3KbrEKn6ZrUc2VcsOTpdBMeyYtfmsTOLSyDDOG9k3jelOvVbCbrK5N6uEUSM8hrnySEKg94UB0cg==
    dependencies:
      "@smithy/smithy-client" "^2.1.15"
      tslib "^2.5.0"
  
  "@aws-sdk/credential-provider-cognito-identity@3.465.0":
    version "3.465.0"
    resolved "https://registry.yarnpkg.com/@aws-sdk/credential-provider-cognito-identity/-/credential-provider-cognito-identity-3.465.0.tgz#e278ba1849c3cd38e6a8eb655a931ac2fdddc88a"
    integrity sha512-bvZNgA2Cx54eTSZm2bXCUbz5rQjcNqTONuvjNIl1CFK9lEj3o3rRU1EqAwX6AIrT1OIstnDr1Z6llxjwvTLqiA==
    dependencies:
      "@aws-sdk/client-cognito-identity" "3.465.0"
      "@aws-sdk/types" "3.465.0"
      "@smithy/property-provider" "^2.0.0"
      "@smithy/types" "^2.5.0"
      tslib "^2.5.0"
  
  "@aws-sdk/credential-provider-env@3.465.0":
    version "3.465.0"
    resolved "https://registry.yarnpkg.com/@aws-sdk/credential-provider-env/-/credential-provider-env-3.465.0.tgz#9bb1c2086165872ad024786e5a48ccb31c5438da"
    integrity sha512-fku37AgkB9KhCuWHE6mfvbWYU0X84Df6MQ60nYH7s/PiNEhkX2cVI6X6kOKjP1MNIwRcYt+oQDvplVKdHume+A==
    dependencies:
      "@aws-sdk/types" "3.465.0"
      "@smithy/property-provider" "^2.0.0"
      "@smithy/types" "^2.5.0"
      tslib "^2.5.0"
  
  "@aws-sdk/credential-provider-http@3.465.0":
    version "3.465.0"
    resolved "https://registry.yarnpkg.com/@aws-sdk/credential-provider-http/-/credential-provider-http-3.465.0.tgz#77031a962c139a62078d7c72c4fb5ccfc2628df0"
    integrity sha512-Rj/zFgP0i0tpuaO+sm1csGU7NLQa1F9eE9c3VKbYECiXAZwrGJnY1TdG2iSsLpkMtyfOhRrRvAuYAUCUemWg3g==
    dependencies:
      "@aws-sdk/types" "3.465.0"
      "@smithy/fetch-http-handler" "^2.2.6"
      "@smithy/node-http-handler" "^2.1.9"
      "@smithy/property-provider" "^2.0.0"
      "@smithy/protocol-http" "^3.0.9"
      "@smithy/smithy-client" "^2.1.15"
      "@smithy/types" "^2.5.0"
      "@smithy/util-stream" "^2.0.20"
      tslib "^2.5.0"
  
  "@aws-sdk/credential-provider-ini@3.465.0":
    version "3.465.0"
    resolved "https://registry.yarnpkg.com/@aws-sdk/credential-provider-ini/-/credential-provider-ini-3.465.0.tgz#d3c3596cc5ff5ebe372bbd62d7aac044cbf3e2e3"
    integrity sha512-B1MFufvdToAEMtfszilVnKer2S7P/OfMhkCizq2zuu8aU/CquRyHvKEQgWdvqunUDrFnVTc0kUZgsbBY0uPjLg==
    dependencies:
      "@aws-sdk/credential-provider-env" "3.465.0"
      "@aws-sdk/credential-provider-process" "3.465.0"
      "@aws-sdk/credential-provider-sso" "3.465.0"
      "@aws-sdk/credential-provider-web-identity" "3.465.0"
      "@aws-sdk/types" "3.465.0"
      "@smithy/credential-provider-imds" "^2.0.0"
      "@smithy/property-provider" "^2.0.0"
      "@smithy/shared-ini-file-loader" "^2.0.6"
      "@smithy/types" "^2.5.0"
      tslib "^2.5.0"
  
  "@aws-sdk/credential-provider-node@3.465.0":
    version "3.465.0"
    resolved "https://registry.yarnpkg.com/@aws-sdk/credential-provider-node/-/credential-provider-node-3.465.0.tgz#b11cbc927aa17aacd0b7208cef5a88045c0bcf62"
    integrity sha512-R3VA9yJ0BvezvrDxcgPTv9VHbVPbzchLTrX5jLFSVuW/lPPYLUi/Cjtyg9C9Y7qRfoQS4fNMvSRhwO5/TF68gA==
    dependencies:
      "@aws-sdk/credential-provider-env" "3.465.0"
      "@aws-sdk/credential-provider-ini" "3.465.0"
      "@aws-sdk/credential-provider-process" "3.465.0"
      "@aws-sdk/credential-provider-sso" "3.465.0"
      "@aws-sdk/credential-provider-web-identity" "3.465.0"
      "@aws-sdk/types" "3.465.0"
      "@smithy/credential-provider-imds" "^2.0.0"
      "@smithy/property-provider" "^2.0.0"
      "@smithy/shared-ini-file-loader" "^2.0.6"
      "@smithy/types" "^2.5.0"
      tslib "^2.5.0"
  
  "@aws-sdk/credential-provider-process@3.465.0":
    version "3.465.0"
    resolved "https://registry.yarnpkg.com/@aws-sdk/credential-provider-process/-/credential-provider-process-3.465.0.tgz#78134b19f7a02e7fb78afda16d7cae5b93ff324e"
    integrity sha512-YE6ZrRYwvb8969hWQnr4uvOJ8RU0JrNsk3vWTe/czly37ioZUEhi8jmpQp4f2mX/6U6buoFGWu5Se3VCdw2SFQ==
    dependencies:
      "@aws-sdk/types" "3.465.0"
      "@smithy/property-provider" "^2.0.0"
      "@smithy/shared-ini-file-loader" "^2.0.6"
      "@smithy/types" "^2.5.0"
      tslib "^2.5.0"
  
  "@aws-sdk/credential-provider-sso@3.465.0":
    version "3.465.0"
    resolved "https://registry.yarnpkg.com/@aws-sdk/credential-provider-sso/-/credential-provider-sso-3.465.0.tgz#622d03eb5c8a0d7a48ba12e849351c841eb48ca6"
    integrity sha512-tLIP/4JQIJpn8yIg6RZRQ2nmvj5i4wLZvYvY4RtaFv2JrQUkmmTfyOZJuOBrIFRwJjx0fHmFu8DJjcOhMzllIQ==
    dependencies:
      "@aws-sdk/client-sso" "3.465.0"
      "@aws-sdk/token-providers" "3.465.0"
      "@aws-sdk/types" "3.465.0"
      "@smithy/property-provider" "^2.0.0"
      "@smithy/shared-ini-file-loader" "^2.0.6"
      "@smithy/types" "^2.5.0"
      tslib "^2.5.0"
  
  "@aws-sdk/credential-provider-web-identity@3.465.0":
    version "3.465.0"
    resolved "https://registry.yarnpkg.com/@aws-sdk/credential-provider-web-identity/-/credential-provider-web-identity-3.465.0.tgz#9db18766eeb0c58a99f7fb5d4bd95f0cf9008d4d"
    integrity sha512-B4Y75fMTZIniEU0yyqat+9NsQbYlXdqP5Y3bShkaG3pGLOHzF/xMlWuG+D3kkQ806PLYi+BgfVls4BcO+NyVcA==
    dependencies:
      "@aws-sdk/types" "3.465.0"
      "@smithy/property-provider" "^2.0.0"
      "@smithy/types" "^2.5.0"
      tslib "^2.5.0"
  
  "@aws-sdk/credential-providers@^3.186.0":
    version "3.465.0"
    resolved "https://registry.yarnpkg.com/@aws-sdk/credential-providers/-/credential-providers-3.465.0.tgz#841000b3d548fac20df3011d7945af0283d1bcf9"
    integrity sha512-mtndyew33Fnv30zVCQLBkqvUeFvjAlgAe3yM/10U//dxsOW3pfYWZ6sMzDbuXHLCyROQXJqZfnsQKQs0rOaO0Q==
    dependencies:
      "@aws-sdk/client-cognito-identity" "3.465.0"
      "@aws-sdk/client-sso" "3.465.0"
      "@aws-sdk/client-sts" "3.465.0"
      "@aws-sdk/credential-provider-cognito-identity" "3.465.0"
      "@aws-sdk/credential-provider-env" "3.465.0"
      "@aws-sdk/credential-provider-http" "3.465.0"
      "@aws-sdk/credential-provider-ini" "3.465.0"
      "@aws-sdk/credential-provider-node" "3.465.0"
      "@aws-sdk/credential-provider-process" "3.465.0"
      "@aws-sdk/credential-provider-sso" "3.465.0"
      "@aws-sdk/credential-provider-web-identity" "3.465.0"
      "@aws-sdk/types" "3.465.0"
      "@smithy/credential-provider-imds" "^2.0.0"
      "@smithy/property-provider" "^2.0.0"
      "@smithy/types" "^2.5.0"
      tslib "^2.5.0"
  
  "@aws-sdk/middleware-host-header@3.465.0":
    version "3.465.0"
    resolved "https://registry.yarnpkg.com/@aws-sdk/middleware-host-header/-/middleware-host-header-3.465.0.tgz#4f353f6ea063e1ba1df968f9f0126a53d746217d"
    integrity sha512-nnGva8eplwEJqdVzcb+xF2Fwua0PpiwxMEvpnIy73gNbetbJdgFIprryMLYes00xzJEqnew+LWdpcd3YyS34ZA==
    dependencies:
      "@aws-sdk/types" "3.465.0"
      "@smithy/protocol-http" "^3.0.9"
      "@smithy/types" "^2.5.0"
      tslib "^2.5.0"
  
  "@aws-sdk/middleware-logger@3.465.0":
    version "3.465.0"
    resolved "https://registry.yarnpkg.com/@aws-sdk/middleware-logger/-/middleware-logger-3.465.0.tgz#7d66b375ee343f00e35c64ba79b37656828bf171"
    integrity sha512-aGMx1aSlzDDgjZ7fSxLhGD5rkyCfHwq04TSB5fQAgDBqUjj4IQXZwmNglX0sLRmArXZtDglUVESOfKvTANJTPg==
    dependencies:
      "@aws-sdk/types" "3.465.0"
      "@smithy/types" "^2.5.0"
      tslib "^2.5.0"
  
  "@aws-sdk/middleware-recursion-detection@3.465.0":
    version "3.465.0"
    resolved "https://registry.yarnpkg.com/@aws-sdk/middleware-recursion-detection/-/middleware-recursion-detection-3.465.0.tgz#d0cb1fd9c63dbe997406253b5e0ce402103d910f"
    integrity sha512-ol3dlsTnryBhV5qkUvK5Yg3dRaV1NXIxYJaIkShrl8XAv4wRNcDJDmO5NYq5eVZ3zgV1nv6xIpZ//dDnnf6Z+g==
    dependencies:
      "@aws-sdk/types" "3.465.0"
      "@smithy/protocol-http" "^3.0.9"
      "@smithy/types" "^2.5.0"
      tslib "^2.5.0"
  
  "@aws-sdk/middleware-sdk-sts@3.465.0":
    version "3.465.0"
    resolved "https://registry.yarnpkg.com/@aws-sdk/middleware-sdk-sts/-/middleware-sdk-sts-3.465.0.tgz#73ad1f0940f924be1141125ceffcf4204c54c9bf"
    integrity sha512-PmTM5ycUe1RLAPrQXLCR8JzKamJuKDB0aIW4rx4/skurzWsEGRI47WHggf9N7sPie41IBGUhRbXcf7sfPjvI3Q==
    dependencies:
      "@aws-sdk/middleware-signing" "3.465.0"
      "@aws-sdk/types" "3.465.0"
      "@smithy/types" "^2.5.0"
      tslib "^2.5.0"
  
  "@aws-sdk/middleware-signing@3.465.0":
    version "3.465.0"
    resolved "https://registry.yarnpkg.com/@aws-sdk/middleware-signing/-/middleware-signing-3.465.0.tgz#2a040c39bfd6f2528ef9798944b4de2d33d2bdd1"
    integrity sha512-d90KONWXSC3jA0kqJ6u8ygS4LoMg1TmSM7bPhHyibJVAEhnrlB4Aq1CWljNbbtphGpdKy5/XRM9O0/XCXWKQ4w==
    dependencies:
      "@aws-sdk/types" "3.465.0"
      "@smithy/property-provider" "^2.0.0"
      "@smithy/protocol-http" "^3.0.9"
      "@smithy/signature-v4" "^2.0.0"
      "@smithy/types" "^2.5.0"
      "@smithy/util-middleware" "^2.0.6"
      tslib "^2.5.0"
  
  "@aws-sdk/middleware-user-agent@3.465.0":
    version "3.465.0"
    resolved "https://registry.yarnpkg.com/@aws-sdk/middleware-user-agent/-/middleware-user-agent-3.465.0.tgz#2820d55ff7d774a4afe60f85fe88d959171f9052"
    integrity sha512-1MvIWMj2nktLOJN8Kh4jiTK28oL85fTeoXHZ+V8xYMzont6C6Y8gQPtg7ka+RotHwqWMrovfnANisnX8EzEP/Q==
    dependencies:
      "@aws-sdk/types" "3.465.0"
      "@aws-sdk/util-endpoints" "3.465.0"
      "@smithy/protocol-http" "^3.0.9"
      "@smithy/types" "^2.5.0"
      tslib "^2.5.0"
  
  "@aws-sdk/region-config-resolver@3.465.0":
    version "3.465.0"
    resolved "https://registry.yarnpkg.com/@aws-sdk/region-config-resolver/-/region-config-resolver-3.465.0.tgz#87c3d2fe96e1e759d818f179f1e72204791145e6"
    integrity sha512-h0Phd2Ae873dsPSWuxqxz2yRC5NMeeWxQiJPh4j42HF8g7dZK7tMQPkYznAoA/BzSBsEX87sbr3MmigquSyUTA==
    dependencies:
      "@smithy/node-config-provider" "^2.1.5"
      "@smithy/types" "^2.5.0"
      "@smithy/util-config-provider" "^2.0.0"
      "@smithy/util-middleware" "^2.0.6"
      tslib "^2.5.0"
  
  "@aws-sdk/token-providers@3.465.0":
    version "3.465.0"
    resolved "https://registry.yarnpkg.com/@aws-sdk/token-providers/-/token-providers-3.465.0.tgz#e063a30c73878462a5a1542a3eb28ac5e72c5921"
    integrity sha512-NaZbsyLs3whzRHGV27hrRwEdXB/tEK6tqn/aCNBy862LhVzocY1A+eYLKrnrvpraOOd2vyAuOtvvB3RMIdiL6g==
    dependencies:
      "@aws-crypto/sha256-browser" "3.0.0"
      "@aws-crypto/sha256-js" "3.0.0"
      "@aws-sdk/middleware-host-header" "3.465.0"
      "@aws-sdk/middleware-logger" "3.465.0"
      "@aws-sdk/middleware-recursion-detection" "3.465.0"
      "@aws-sdk/middleware-user-agent" "3.465.0"
      "@aws-sdk/region-config-resolver" "3.465.0"
      "@aws-sdk/types" "3.465.0"
      "@aws-sdk/util-endpoints" "3.465.0"
      "@aws-sdk/util-user-agent-browser" "3.465.0"
      "@aws-sdk/util-user-agent-node" "3.465.0"
      "@smithy/config-resolver" "^2.0.18"
      "@smithy/fetch-http-handler" "^2.2.6"
      "@smithy/hash-node" "^2.0.15"
      "@smithy/invalid-dependency" "^2.0.13"
      "@smithy/middleware-content-length" "^2.0.15"
      "@smithy/middleware-endpoint" "^2.2.0"
      "@smithy/middleware-retry" "^2.0.20"
      "@smithy/middleware-serde" "^2.0.13"
      "@smithy/middleware-stack" "^2.0.7"
      "@smithy/node-config-provider" "^2.1.5"
      "@smithy/node-http-handler" "^2.1.9"
      "@smithy/property-provider" "^2.0.0"
      "@smithy/protocol-http" "^3.0.9"
      "@smithy/shared-ini-file-loader" "^2.0.6"
      "@smithy/smithy-client" "^2.1.15"
      "@smithy/types" "^2.5.0"
      "@smithy/url-parser" "^2.0.13"
      "@smithy/util-base64" "^2.0.1"
      "@smithy/util-body-length-browser" "^2.0.0"
      "@smithy/util-body-length-node" "^2.1.0"
      "@smithy/util-defaults-mode-browser" "^2.0.19"
      "@smithy/util-defaults-mode-node" "^2.0.25"
      "@smithy/util-endpoints" "^1.0.4"
      "@smithy/util-retry" "^2.0.6"
      "@smithy/util-utf8" "^2.0.2"
      tslib "^2.5.0"
  
  "@aws-sdk/types@3.465.0", "@aws-sdk/types@^3.222.0":
    version "3.465.0"
    resolved "https://registry.yarnpkg.com/@aws-sdk/types/-/types-3.465.0.tgz#74977008020f3ed2e5fa0d61daef70d1cbfbfc37"
    integrity sha512-Clqu2eD50OOzwSftGpzJrIOGev/7VJhJpc02SeS4cqFgI9EVd+rnFKS/Ux0kcwjLQBMiPcCLtql3KAHApFHAIA==
    dependencies:
      "@smithy/types" "^2.5.0"
      tslib "^2.5.0"
  
  "@aws-sdk/util-endpoints@3.465.0":
    version "3.465.0"
    resolved "https://registry.yarnpkg.com/@aws-sdk/util-endpoints/-/util-endpoints-3.465.0.tgz#b3800364bd856bdfe94e0a1c72979d1bda27a0b8"
    integrity sha512-lDpBN1faVw8Udg5hIo+LJaNfllbBF86PCisv628vfcggO8/EArL/v2Eos0KeqVT8yaINXCRSagwfo5TNTuW0KQ==
    dependencies:
      "@aws-sdk/types" "3.465.0"
      "@smithy/util-endpoints" "^1.0.4"
      tslib "^2.5.0"
  
  "@aws-sdk/util-locate-window@^3.0.0":
    version "3.465.0"
    resolved "https://registry.yarnpkg.com/@aws-sdk/util-locate-window/-/util-locate-window-3.465.0.tgz#0471428fb5eb749d4b72c427f5726f7b61fb90eb"
    integrity sha512-f+QNcWGswredzC1ExNAB/QzODlxwaTdXkNT5cvke2RLX8SFU5pYk6h4uCtWC0vWPELzOfMfloBrJefBzlarhsw==
    dependencies:
      tslib "^2.5.0"
  
  "@aws-sdk/util-user-agent-browser@3.465.0":
    version "3.465.0"
    resolved "https://registry.yarnpkg.com/@aws-sdk/util-user-agent-browser/-/util-user-agent-browser-3.465.0.tgz#2cb792c48770fe650cbb2b66ac21a8d65b0ca5ba"
    integrity sha512-RM+LjkIsmUCBJ4yQeBnkJWJTjPOPqcNaKv8bpZxatIHdvzGhXLnWLNi3qHlBsJB2mKtKRet6nAUmKmzZR1sDzA==
    dependencies:
      "@aws-sdk/types" "3.465.0"
      "@smithy/types" "^2.5.0"
      bowser "^2.11.0"
      tslib "^2.5.0"
  
  "@aws-sdk/util-user-agent-node@3.465.0":
    version "3.465.0"
    resolved "https://registry.yarnpkg.com/@aws-sdk/util-user-agent-node/-/util-user-agent-node-3.465.0.tgz#5838e93a0f2102fb555131f40bd454707caba3f9"
    integrity sha512-XsHbq7gLCiGdy6FQ7/5nGslK0ij3Iuh051djuIICvNurlds5cqKLiBe63gX3IUUwxJcrKh4xBGviQJ52KdVSeg==
    dependencies:
      "@aws-sdk/types" "3.465.0"
      "@smithy/node-config-provider" "^2.1.5"
      "@smithy/types" "^2.5.0"
      tslib "^2.5.0"
  
  "@aws-sdk/util-utf8-browser@^3.0.0":
    version "3.259.0"
    resolved "https://registry.yarnpkg.com/@aws-sdk/util-utf8-browser/-/util-utf8-browser-3.259.0.tgz#3275a6f5eb334f96ca76635b961d3c50259fd9ff"
    integrity sha512-UvFa/vR+e19XookZF8RzFZBrw2EUkQWxiBW0yYQAhvk3C+QVGl0H3ouca8LDBlBfQKXwmW3huo/59H8rwb1wJw==
    dependencies:
      tslib "^2.3.1"
  
  "@blakeembrey/deque@^1.0.3":
    version "1.0.5"
    resolved "https://registry.yarnpkg.com/@blakeembrey/deque/-/deque-1.0.5.tgz#f4fa17fc5ee18317ec01a763d355782c7b395eaf"
    integrity sha512-6xnwtvp9DY1EINIKdTfvfeAtCYw4OqBZJhtiqkT3ivjnEfa25VQ3TsKvaFfKm8MyGIEfE95qLe+bNEt3nB0Ylg==
  
  "@mongodb-js/saslprep@^1.1.0":
    version "1.1.1"
    resolved "https://registry.yarnpkg.com/@mongodb-js/saslprep/-/saslprep-1.1.1.tgz#9a6c2516bc9188672c4d953ec99760ba49970da7"
    integrity sha512-t7c5K033joZZMspnHg/gWPE4kandgc2OxE74aYOtGKfgB9VPuVJPix0H6fhmm2erj5PBJ21mqcx34lpIGtUCsQ==
    dependencies:
      sparse-bitfield "^3.0.3"
  
  "@smithy/abort-controller@^2.0.15":
    version "2.0.15"
    resolved "https://registry.yarnpkg.com/@smithy/abort-controller/-/abort-controller-2.0.15.tgz#fcec9193da8b86eef1eedc3e71139a99c061db32"
    integrity sha512-JkS36PIS3/UCbq/MaozzV7jECeL+BTt4R75bwY8i+4RASys4xOyUS1HsRyUNSqUXFP4QyCz5aNnh3ltuaxv+pw==
    dependencies:
      "@smithy/types" "^2.7.0"
      tslib "^2.5.0"
  
  "@smithy/config-resolver@^2.0.18", "@smithy/config-resolver@^2.0.20":
    version "2.0.20"
    resolved "https://registry.yarnpkg.com/@smithy/config-resolver/-/config-resolver-2.0.20.tgz#ffc50fec71430480969ff6b4e69297dd52573b5c"
    integrity sha512-aV4FQW7PGd6BSDmSvPnTDi9IirTzZOC9hroindiNO/DP8cPQvCKe3dLs+5fGxcNm+rnVXFMRQdGjnWiBAMadiw==
    dependencies:
      "@smithy/node-config-provider" "^2.1.7"
      "@smithy/types" "^2.7.0"
      "@smithy/util-config-provider" "^2.0.0"
      "@smithy/util-middleware" "^2.0.8"
      tslib "^2.5.0"
  
  "@smithy/credential-provider-imds@^2.0.0", "@smithy/credential-provider-imds@^2.1.3":
    version "2.1.3"
    resolved "https://registry.yarnpkg.com/@smithy/credential-provider-imds/-/credential-provider-imds-2.1.3.tgz#5c534a964b7c730269ef632b11216617b61ab0b4"
    integrity sha512-nbLFCeicw2FuvKj6TeIA1jbaTEqepNUWXOyRUhU3IJNn/N8QMGvZRIlFYbUEnuxpZYDhNuOWLph6R04hNJ7A2g==
    dependencies:
      "@smithy/node-config-provider" "^2.1.7"
      "@smithy/property-provider" "^2.0.16"
      "@smithy/types" "^2.7.0"
      "@smithy/url-parser" "^2.0.15"
      tslib "^2.5.0"
  
  "@smithy/eventstream-codec@^2.0.15":
    version "2.0.15"
    resolved "https://registry.yarnpkg.com/@smithy/eventstream-codec/-/eventstream-codec-2.0.15.tgz#733e638fd38e7e264bc0429dbda139bab950bd25"
    integrity sha512-crjvz3j1gGPwA0us6cwS7+5gAn35CTmqu/oIxVbYJo2Qm/sGAye6zGJnMDk3BKhWZw5kcU1G4MxciTkuBpOZPg==
    dependencies:
      "@aws-crypto/crc32" "3.0.0"
      "@smithy/types" "^2.7.0"
      "@smithy/util-hex-encoding" "^2.0.0"
      tslib "^2.5.0"
  
  "@smithy/fetch-http-handler@^2.2.6", "@smithy/fetch-http-handler@^2.3.1":
    version "2.3.1"
    resolved "https://registry.yarnpkg.com/@smithy/fetch-http-handler/-/fetch-http-handler-2.3.1.tgz#aa055db5bf4d78acec97abe6ef24283fa2c18430"
    integrity sha512-6MNk16fqb8EwcYY8O8WxB3ArFkLZ2XppsSNo1h7SQcFdDDwIumiJeO6wRzm7iB68xvsOQzsdQKbdtTieS3hfSQ==
    dependencies:
      "@smithy/protocol-http" "^3.0.11"
      "@smithy/querystring-builder" "^2.0.15"
      "@smithy/types" "^2.7.0"
      "@smithy/util-base64" "^2.0.1"
      tslib "^2.5.0"
  
  "@smithy/hash-node@^2.0.15":
    version "2.0.17"
    resolved "https://registry.yarnpkg.com/@smithy/hash-node/-/hash-node-2.0.17.tgz#9ce5e3f137143e3658759d31a16e068ef94a14fc"
    integrity sha512-Il6WuBcI1nD+e2DM7tTADMf01wEPGK8PAhz4D+YmDUVaoBqlA+CaH2uDJhiySifmuKBZj748IfygXty81znKhw==
    dependencies:
      "@smithy/types" "^2.7.0"
      "@smithy/util-buffer-from" "^2.0.0"
      "@smithy/util-utf8" "^2.0.2"
      tslib "^2.5.0"
  
  "@smithy/invalid-dependency@^2.0.13":
    version "2.0.15"
    resolved "https://registry.yarnpkg.com/@smithy/invalid-dependency/-/invalid-dependency-2.0.15.tgz#7653490047bf0ab6042fb812adfbcce857aa2d06"
    integrity sha512-dlEKBFFwVfzA5QroHlBS94NpgYjXhwN/bFfun+7w3rgxNvVy79SK0w05iGc7UAeC5t+D7gBxrzdnD6hreZnDVQ==
    dependencies:
      "@smithy/types" "^2.7.0"
      tslib "^2.5.0"
  
  "@smithy/is-array-buffer@^2.0.0":
    version "2.0.0"
    resolved "https://registry.yarnpkg.com/@smithy/is-array-buffer/-/is-array-buffer-2.0.0.tgz#8fa9b8040651e7ba0b2f6106e636a91354ff7d34"
    integrity sha512-z3PjFjMyZNI98JFRJi/U0nGoLWMSJlDjAW4QUX2WNZLas5C0CmVV6LJ01JI0k90l7FvpmixjWxPFmENSClQ7ug==
    dependencies:
      tslib "^2.5.0"
  
  "@smithy/middleware-content-length@^2.0.15":
    version "2.0.17"
    resolved "https://registry.yarnpkg.com/@smithy/middleware-content-length/-/middleware-content-length-2.0.17.tgz#13479173a15d1cd4224e3e21071a27c66a74b653"
    integrity sha512-OyadvMcKC7lFXTNBa8/foEv7jOaqshQZkjWS9coEXPRZnNnihU/Ls+8ZuJwGNCOrN2WxXZFmDWhegbnM4vak8w==
    dependencies:
      "@smithy/protocol-http" "^3.0.11"
      "@smithy/types" "^2.7.0"
      tslib "^2.5.0"
  
  "@smithy/middleware-endpoint@^2.2.0":
    version "2.2.2"
    resolved "https://registry.yarnpkg.com/@smithy/middleware-endpoint/-/middleware-endpoint-2.2.2.tgz#83481e1b2a39a643301005d78b991f95358d5db1"
    integrity sha512-fgB9bXoWWNBAArzPIx8ipwVQCprltbQY3X9zLZAJ3mRRgzXZQUN1ecO/cF1S87jNJ2vkXf/mftJIPFqFUJCLGg==
    dependencies:
      "@smithy/middleware-serde" "^2.0.15"
      "@smithy/node-config-provider" "^2.1.7"
      "@smithy/shared-ini-file-loader" "^2.2.6"
      "@smithy/types" "^2.7.0"
      "@smithy/url-parser" "^2.0.15"
      "@smithy/util-middleware" "^2.0.8"
      tslib "^2.5.0"
  
  "@smithy/middleware-retry@^2.0.20":
    version "2.0.23"
    resolved "https://registry.yarnpkg.com/@smithy/middleware-retry/-/middleware-retry-2.0.23.tgz#3fa8365a98fa39290a8a7ebc716a091509a7a8f2"
    integrity sha512-8rug8AVLa9usaNcCI9voQ0UpKgzYBVVjUrIQMnYgpOPq1t8Tbm8Fa2Qe9J3K+GlB6EHpn82yWBIXfyJ+nQ0YHw==
    dependencies:
      "@smithy/node-config-provider" "^2.1.7"
      "@smithy/protocol-http" "^3.0.11"
      "@smithy/service-error-classification" "^2.0.8"
      "@smithy/smithy-client" "^2.1.18"
      "@smithy/types" "^2.7.0"
      "@smithy/util-middleware" "^2.0.8"
      "@smithy/util-retry" "^2.0.8"
      tslib "^2.5.0"
      uuid "^8.3.2"
  
  "@smithy/middleware-serde@^2.0.13", "@smithy/middleware-serde@^2.0.15":
    version "2.0.15"
    resolved "https://registry.yarnpkg.com/@smithy/middleware-serde/-/middleware-serde-2.0.15.tgz#9deac4daad1f2a60d5c4e7097658f9ae2eb0a33f"
    integrity sha512-FOZRFk/zN4AT4wzGuBY+39XWe+ZnCFd0gZtyw3f9Okn2CJPixl9GyWe98TIaljeZdqWkgrzGyPre20AcW2UMHQ==
    dependencies:
      "@smithy/types" "^2.7.0"
      tslib "^2.5.0"
  
  "@smithy/middleware-stack@^2.0.7", "@smithy/middleware-stack@^2.0.9":
    version "2.0.9"
    resolved "https://registry.yarnpkg.com/@smithy/middleware-stack/-/middleware-stack-2.0.9.tgz#60e51697c74258fac087bc739d940f524921a15f"
    integrity sha512-bCB5dUtGQ5wh7QNL2ELxmDc6g7ih7jWU3Kx6MYH1h4mZbv9xL3WyhKHojRltThCB1arLPyTUFDi+x6fB/oabtA==
    dependencies:
      "@smithy/types" "^2.7.0"
      tslib "^2.5.0"
  
  "@smithy/node-config-provider@^2.1.5", "@smithy/node-config-provider@^2.1.7":
    version "2.1.7"
    resolved "https://registry.yarnpkg.com/@smithy/node-config-provider/-/node-config-provider-2.1.7.tgz#8a4c690d815fa1c1aabc05b1638a515eca652db8"
    integrity sha512-jusNoTInSrrbqvqn+14WggfT41EUT5tZgLlkmmESsYmHkKox2HGehnciyWBF2zMJQNkye59NyDtOF7x5viY3cQ==
    dependencies:
      "@smithy/property-provider" "^2.0.16"
      "@smithy/shared-ini-file-loader" "^2.2.6"
      "@smithy/types" "^2.7.0"
      tslib "^2.5.0"
  
  "@smithy/node-http-handler@^2.1.9", "@smithy/node-http-handler@^2.2.1":
    version "2.2.1"
    resolved "https://registry.yarnpkg.com/@smithy/node-http-handler/-/node-http-handler-2.2.1.tgz#23f6540e565edcae8c558a854fffde3d003451c0"
    integrity sha512-8iAKQrC8+VFHPAT8pg4/j6hlsTQh+NKOWlctJBrYtQa4ExcxX7aSg3vdQ2XLoYwJotFUurg/NLqFCmZaPRrogw==
    dependencies:
      "@smithy/abort-controller" "^2.0.15"
      "@smithy/protocol-http" "^3.0.11"
      "@smithy/querystring-builder" "^2.0.15"
      "@smithy/types" "^2.7.0"
      tslib "^2.5.0"
  
  "@smithy/property-provider@^2.0.0", "@smithy/property-provider@^2.0.16":
    version "2.0.16"
    resolved "https://registry.yarnpkg.com/@smithy/property-provider/-/property-provider-2.0.16.tgz#0c15ea8a3e8c8e7012bf5877c79ce754f7d2c06e"
    integrity sha512-28Ky0LlOqtEjwg5CdHmwwaDRHcTWfPRzkT6HrhwOSRS2RryAvuDfJrZpM+BMcrdeCyEg1mbcgIMoqTla+rdL8Q==
    dependencies:
      "@smithy/types" "^2.7.0"
      tslib "^2.5.0"
  
  "@smithy/protocol-http@^3.0.11", "@smithy/protocol-http@^3.0.9":
    version "3.0.11"
    resolved "https://registry.yarnpkg.com/@smithy/protocol-http/-/protocol-http-3.0.11.tgz#a9ea712fe7cc3375378ac68d9168a7b6cd0b6f65"
    integrity sha512-3ziB8fHuXIRamV/akp/sqiWmNPR6X+9SB8Xxnozzj+Nq7hSpyKdFHd1FLpBkgfGFUTzzcBJQlDZPSyxzmdcx5A==
    dependencies:
      "@smithy/types" "^2.7.0"
      tslib "^2.5.0"
  
  "@smithy/querystring-builder@^2.0.15":
    version "2.0.15"
    resolved "https://registry.yarnpkg.com/@smithy/querystring-builder/-/querystring-builder-2.0.15.tgz#aa8c889bcaef274b8345be4ddabae3bfedf2cf33"
    integrity sha512-e1q85aT6HutvouOdN+dMsN0jcdshp50PSCvxDvo6aIM57LqeXimjfONUEgfqQ4IFpYWAtVixptyIRE5frMp/2A==
    dependencies:
      "@smithy/types" "^2.7.0"
      "@smithy/util-uri-escape" "^2.0.0"
      tslib "^2.5.0"
  
  "@smithy/querystring-parser@^2.0.15":
    version "2.0.15"
    resolved "https://registry.yarnpkg.com/@smithy/querystring-parser/-/querystring-parser-2.0.15.tgz#46c8806a145f46636e4aee2a5d79e7ba68161a4c"
    integrity sha512-jbBvoK3cc81Cj1c1TH1qMYxNQKHrYQ2DoTntN9FBbtUWcGhc+T4FP6kCKYwRLXyU4AajwGIZstvNAmIEgUUNTQ==
    dependencies:
      "@smithy/types" "^2.7.0"
      tslib "^2.5.0"
  
  "@smithy/service-error-classification@^2.0.8":
    version "2.0.8"
    resolved "https://registry.yarnpkg.com/@smithy/service-error-classification/-/service-error-classification-2.0.8.tgz#c9e421312a2def84da025c5efe6de06679c5be95"
    integrity sha512-jCw9+005im8tsfYvwwSc4TTvd29kXRFkH9peQBg5R/4DD03ieGm6v6Hpv9nIAh98GwgYg1KrztcINC1s4o7/hg==
    dependencies:
      "@smithy/types" "^2.7.0"
  
  "@smithy/shared-ini-file-loader@^2.0.6", "@smithy/shared-ini-file-loader@^2.2.6":
    version "2.2.6"
    resolved "https://registry.yarnpkg.com/@smithy/shared-ini-file-loader/-/shared-ini-file-loader-2.2.6.tgz#41c1913ef6512a5ac371cfb8e981ab337e3a3b4c"
    integrity sha512-0NWv+HCS+CxYQkMcIuyXIfz9II3iebqAHBsTczQn6zc9ndtPL70ApDFqtRyDNcw4dW8DcMhK+yDurr5p4wbdZA==
    dependencies:
      "@smithy/types" "^2.7.0"
      tslib "^2.5.0"
  
  "@smithy/signature-v4@^2.0.0":
    version "2.0.17"
    resolved "https://registry.yarnpkg.com/@smithy/signature-v4/-/signature-v4-2.0.17.tgz#3ce17d8143f18670ca9bd5f99738dfadb3a7f3fc"
    integrity sha512-ru5IUbHUAYgJ5ZqZaBi6PEsMjFT/do0Eu21Qt7b07NuRuPlwAMhlqNRDy/KE9QAF20ygehb+xe9ebmyZ26/BSA==
    dependencies:
      "@smithy/eventstream-codec" "^2.0.15"
      "@smithy/is-array-buffer" "^2.0.0"
      "@smithy/types" "^2.7.0"
      "@smithy/util-hex-encoding" "^2.0.0"
      "@smithy/util-middleware" "^2.0.8"
      "@smithy/util-uri-escape" "^2.0.0"
      "@smithy/util-utf8" "^2.0.2"
      tslib "^2.5.0"
  
  "@smithy/smithy-client@^2.1.15", "@smithy/smithy-client@^2.1.18":
    version "2.1.18"
    resolved "https://registry.yarnpkg.com/@smithy/smithy-client/-/smithy-client-2.1.18.tgz#f8ce2c0e9614f207256ddcd992403aff40750546"
    integrity sha512-7FqdbaJiVaHJDD9IfDhmzhSDbpjyx+ZsfdYuOpDJF09rl8qlIAIlZNoSaflKrQ3cEXZN2YxGPaNWGhbYimyIRQ==
    dependencies:
      "@smithy/middleware-stack" "^2.0.9"
      "@smithy/types" "^2.7.0"
      "@smithy/util-stream" "^2.0.23"
      tslib "^2.5.0"
  
  "@smithy/types@^2.5.0", "@smithy/types@^2.7.0":
    version "2.7.0"
    resolved "https://registry.yarnpkg.com/@smithy/types/-/types-2.7.0.tgz#6ed9ba5bff7c4d28c980cff967e6d8456840a4f3"
    integrity sha512-1OIFyhK+vOkMbu4aN2HZz/MomREkrAC/HqY5mlJMUJfGrPRwijJDTeiN8Rnj9zUaB8ogXAfIOtZrrgqZ4w7Wnw==
    dependencies:
      tslib "^2.5.0"
  
  "@smithy/url-parser@^2.0.13", "@smithy/url-parser@^2.0.15":
    version "2.0.15"
    resolved "https://registry.yarnpkg.com/@smithy/url-parser/-/url-parser-2.0.15.tgz#878d9b61f9eac8834cb611cf1a8a0e5d9a48038c"
    integrity sha512-sADUncUj9rNbOTrdDGm4EXlUs0eQ9dyEo+V74PJoULY4jSQxS+9gwEgsPYyiu8PUOv16JC/MpHonOgqP/IEDZA==
    dependencies:
      "@smithy/querystring-parser" "^2.0.15"
      "@smithy/types" "^2.7.0"
      tslib "^2.5.0"
  
  "@smithy/util-base64@^2.0.1":
    version "2.0.1"
    resolved "https://registry.yarnpkg.com/@smithy/util-base64/-/util-base64-2.0.1.tgz#57f782dafc187eddea7c8a1ff2a7c188ed1a02c4"
    integrity sha512-DlI6XFYDMsIVN+GH9JtcRp3j02JEVuWIn/QOZisVzpIAprdsxGveFed0bjbMRCqmIFe8uetn5rxzNrBtIGrPIQ==
    dependencies:
      "@smithy/util-buffer-from" "^2.0.0"
      tslib "^2.5.0"
  
  "@smithy/util-body-length-browser@^2.0.0":
    version "2.0.1"
    resolved "https://registry.yarnpkg.com/@smithy/util-body-length-browser/-/util-body-length-browser-2.0.1.tgz#424485cc81c640d18c17c683e0e6edb57e8e2ab9"
    integrity sha512-NXYp3ttgUlwkaug4bjBzJ5+yIbUbUx8VsSLuHZROQpoik+gRkIBeEG9MPVYfvPNpuXb/puqodeeUXcKFe7BLOQ==
    dependencies:
      tslib "^2.5.0"
  
  "@smithy/util-body-length-node@^2.1.0":
    version "2.1.0"
    resolved "https://registry.yarnpkg.com/@smithy/util-body-length-node/-/util-body-length-node-2.1.0.tgz#313a5f7c5017947baf5fa018bfc22628904bbcfa"
    integrity sha512-/li0/kj/y3fQ3vyzn36NTLGmUwAICb7Jbe/CsWCktW363gh1MOcpEcSO3mJ344Gv2dqz8YJCLQpb6hju/0qOWw==
    dependencies:
      tslib "^2.5.0"
  
  "@smithy/util-buffer-from@^2.0.0":
    version "2.0.0"
    resolved "https://registry.yarnpkg.com/@smithy/util-buffer-from/-/util-buffer-from-2.0.0.tgz#7eb75d72288b6b3001bc5f75b48b711513091deb"
    integrity sha512-/YNnLoHsR+4W4Vf2wL5lGv0ksg8Bmk3GEGxn2vEQt52AQaPSCuaO5PM5VM7lP1K9qHRKHwrPGktqVoAHKWHxzw==
    dependencies:
      "@smithy/is-array-buffer" "^2.0.0"
      tslib "^2.5.0"
  
  "@smithy/util-config-provider@^2.0.0":
    version "2.0.0"
    resolved "https://registry.yarnpkg.com/@smithy/util-config-provider/-/util-config-provider-2.0.0.tgz#4dd6a793605559d94267312fd06d0f58784b4c38"
    integrity sha512-xCQ6UapcIWKxXHEU4Mcs2s7LcFQRiU3XEluM2WcCjjBtQkUN71Tb+ydGmJFPxMUrW/GWMgQEEGipLym4XG0jZg==
    dependencies:
      tslib "^2.5.0"
  
  "@smithy/util-defaults-mode-browser@^2.0.19":
    version "2.0.22"
    resolved "https://registry.yarnpkg.com/@smithy/util-defaults-mode-browser/-/util-defaults-mode-browser-2.0.22.tgz#8ef8c36b8c3c2f98f7a62278c3c684d659134269"
    integrity sha512-qcF20IHHH96FlktvBRICDXDhLPtpVmtksHmqNGtotb9B0DYWXsC6jWXrkhrrwF7tH26nj+npVTqh9isiFV1gdA==
    dependencies:
      "@smithy/property-provider" "^2.0.16"
      "@smithy/smithy-client" "^2.1.18"
      "@smithy/types" "^2.7.0"
      bowser "^2.11.0"
      tslib "^2.5.0"
  
  "@smithy/util-defaults-mode-node@^2.0.25":
    version "2.0.28"
    resolved "https://registry.yarnpkg.com/@smithy/util-defaults-mode-node/-/util-defaults-mode-node-2.0.28.tgz#592a370e2d1472a1fbe81e5444deb1a50b512a0b"
    integrity sha512-viVrlLz66fRvjzXpTFxv3bXlLUVsNcxRE5yHKAk3fVc56DuuWlUsgsRs87ENl8tjuZP04fuKs8GGvkRk/1fCbQ==
    dependencies:
      "@smithy/config-resolver" "^2.0.20"
      "@smithy/credential-provider-imds" "^2.1.3"
      "@smithy/node-config-provider" "^2.1.7"
      "@smithy/property-provider" "^2.0.16"
      "@smithy/smithy-client" "^2.1.18"
      "@smithy/types" "^2.7.0"
      tslib "^2.5.0"
  
  "@smithy/util-endpoints@^1.0.4":
    version "1.0.6"
    resolved "https://registry.yarnpkg.com/@smithy/util-endpoints/-/util-endpoints-1.0.6.tgz#e8eff172b4fa4174c68dac45c57ddb5ea6a65566"
    integrity sha512-90vy1Q0Z4pNcXUX9TrG50Y5zi0k8ONYTHZ/7KDliHOWUtdGH2a61cVMq/zIvt0Qlunsk8vshk4+DZLMEwIm92Q==
    dependencies:
      "@smithy/node-config-provider" "^2.1.7"
      "@smithy/types" "^2.7.0"
      tslib "^2.5.0"
  
  "@smithy/util-hex-encoding@^2.0.0":
    version "2.0.0"
    resolved "https://registry.yarnpkg.com/@smithy/util-hex-encoding/-/util-hex-encoding-2.0.0.tgz#0aa3515acd2b005c6d55675e377080a7c513b59e"
    integrity sha512-c5xY+NUnFqG6d7HFh1IFfrm3mGl29lC+vF+geHv4ToiuJCBmIfzx6IeHLg+OgRdPFKDXIw6pvi+p3CsscaMcMA==
    dependencies:
      tslib "^2.5.0"
  
  "@smithy/util-middleware@^2.0.6", "@smithy/util-middleware@^2.0.8":
    version "2.0.8"
    resolved "https://registry.yarnpkg.com/@smithy/util-middleware/-/util-middleware-2.0.8.tgz#2ec1da1190d09b69512ce0248ebd5e819e3c8a92"
    integrity sha512-qkvqQjM8fRGGA8P2ydWylMhenCDP8VlkPn8kiNuFEaFz9xnUKC2irfqsBSJrfrOB9Qt6pQsI58r3zvvumhFMkw==
    dependencies:
      "@smithy/types" "^2.7.0"
      tslib "^2.5.0"
  
  "@smithy/util-retry@^2.0.6", "@smithy/util-retry@^2.0.8":
    version "2.0.8"
    resolved "https://registry.yarnpkg.com/@smithy/util-retry/-/util-retry-2.0.8.tgz#61f8db11e4fe60975cb9fb2eada173f5024a06f3"
    integrity sha512-cQTPnVaVFMjjS6cb44WV2yXtHVyXDC5icKyIbejMarJEApYeJWpBU3LINTxHqp/tyLI+MZOUdosr2mZ3sdziNg==
    dependencies:
      "@smithy/service-error-classification" "^2.0.8"
      "@smithy/types" "^2.7.0"
      tslib "^2.5.0"
  
  "@smithy/util-stream@^2.0.20", "@smithy/util-stream@^2.0.23":
    version "2.0.23"
    resolved "https://registry.yarnpkg.com/@smithy/util-stream/-/util-stream-2.0.23.tgz#468ad29913d091092317cfea2d8ac5b866326a07"
    integrity sha512-OJMWq99LAZJUzUwTk+00plyxX3ESktBaGPhqNIEVab+53gLULiWN9B/8bRABLg0K6R6Xg4t80uRdhk3B/LZqMQ==
    dependencies:
      "@smithy/fetch-http-handler" "^2.3.1"
      "@smithy/node-http-handler" "^2.2.1"
      "@smithy/types" "^2.7.0"
      "@smithy/util-base64" "^2.0.1"
      "@smithy/util-buffer-from" "^2.0.0"
      "@smithy/util-hex-encoding" "^2.0.0"
      "@smithy/util-utf8" "^2.0.2"
      tslib "^2.5.0"
  
  "@smithy/util-uri-escape@^2.0.0":
    version "2.0.0"
    resolved "https://registry.yarnpkg.com/@smithy/util-uri-escape/-/util-uri-escape-2.0.0.tgz#19955b1a0f517a87ae77ac729e0e411963dfda95"
    integrity sha512-ebkxsqinSdEooQduuk9CbKcI+wheijxEb3utGXkCoYQkJnwTnLbH1JXGimJtUkQwNQbsbuYwG2+aFVyZf5TLaw==
    dependencies:
      tslib "^2.5.0"
  
  "@smithy/util-utf8@^2.0.2":
    version "2.0.2"
    resolved "https://registry.yarnpkg.com/@smithy/util-utf8/-/util-utf8-2.0.2.tgz#626b3e173ad137208e27ed329d6bea70f4a1a7f7"
    integrity sha512-qOiVORSPm6Ce4/Yu6hbSgNHABLP2VMv8QOC3tTDNHHlWY19pPyc++fBTbZPtx6egPXi4HQxKDnMxVxpbtX2GoA==
    dependencies:
      "@smithy/util-buffer-from" "^2.0.0"
      tslib "^2.5.0"
  
  "@socket.io/component-emitter@~3.1.0":
    version "3.1.0"
    resolved "https://registry.yarnpkg.com/@socket.io/component-emitter/-/component-emitter-3.1.0.tgz#96116f2a912e0c02817345b3c10751069920d553"
    integrity sha512-+9jVqKhRSpsc591z5vX+X5Yyw+he/HCB4iQ/RYxw35CEPaY1gnsNE43nf9n9AaYjAQrTiI/mOwKUKdUs9vf7Xg==
  
  "@types/cookie@^0.4.1":
    version "0.4.1"
    resolved "https://registry.yarnpkg.com/@types/cookie/-/cookie-0.4.1.tgz#bfd02c1f2224567676c1545199f87c3a861d878d"
    integrity sha512-XW/Aa8APYr6jSVVA1y/DEIZX0/GMKLEVekNG727R8cs56ahETkRAy/3DR7+fJyh7oUgGwNQaRfXCun0+KbWY7Q==
  
  "@types/cors@^2.8.12":
    version "2.8.17"
    resolved "https://registry.yarnpkg.com/@types/cors/-/cors-2.8.17.tgz#5d718a5e494a8166f569d986794e49c48b216b2b"
    integrity sha512-8CGDvrBj1zgo2qE+oS3pOCyYNqCPryMWY2bGfwA0dcfopWGgxs+78df0Rs3rc9THP4JkOhLsAa+15VdpAqkcUA==
    dependencies:
      "@types/node" "*"
  
  "@types/node@*", "@types/node@>=10.0.0":
    version "20.10.3"
    resolved "https://registry.yarnpkg.com/@types/node/-/node-20.10.3.tgz#4900adcc7fc189d5af5bb41da8f543cea6962030"
    integrity sha512-XJavIpZqiXID5Yxnxv3RUDKTN5b81ddNC3ecsA0SoFXz/QU8OGBwZGMomiq0zw+uuqbL/krztv/DINAQ/EV4gg==
    dependencies:
      undici-types "~5.26.4"
  
  "@types/webidl-conversions@*":
    version "7.0.3"
    resolved "https://registry.yarnpkg.com/@types/webidl-conversions/-/webidl-conversions-7.0.3.tgz#1306dbfa53768bcbcfc95a1c8cde367975581859"
    integrity sha512-CiJJvcRtIgzadHCYXw7dqEnMNRjhGZlYK05Mj9OyktqV8uVT8fD2BFOB7S1uwBE3Kj2Z+4UyPmFw/Ixgw/LAlA==
  
  "@types/whatwg-url@^8.2.1":
    version "8.2.2"
    resolved "https://registry.yarnpkg.com/@types/whatwg-url/-/whatwg-url-8.2.2.tgz#749d5b3873e845897ada99be4448041d4cc39e63"
    integrity sha512-FtQu10RWgn3D9U4aazdwIE2yzphmTJREDqNdODHrbrZmmMqI0vMheC/6NE/J1Yveaj8H+ela+YwWTjq5PGmuhA==
    dependencies:
      "@types/node" "*"
      "@types/webidl-conversions" "*"
  
  accepts@~1.3.4, accepts@~1.3.8:
    version "1.3.8"
    resolved "https://registry.yarnpkg.com/accepts/-/accepts-1.3.8.tgz#0bf0be125b67014adcb0b0921e62db7bffe16b2e"
    integrity sha512-PYAthTa2m2VKxuvSD3DPC/Gy+U+sOA1LAuT8mkmRuvw+NACSaeXEQ+NHcVF7rONl6qcaxV3Uuemwawk+7+SJLw==
    dependencies:
      mime-types "~2.1.34"
      negotiator "0.6.3"
  
  anymatch@~3.1.2:
    version "3.1.3"
    resolved "https://registry.yarnpkg.com/anymatch/-/anymatch-3.1.3.tgz#790c58b19ba1720a84205b57c618d5ad8524973e"
    integrity sha512-KMReFUr0B4t+D+OBkjR3KYqvocp2XaSzO55UcB6mgQMd3KbcE+mWTyvVV7D/zsdEbNnV6acZUutkiHQXvTr1Rw==
    dependencies:
      normalize-path "^3.0.0"
      picomatch "^2.0.4"
  
  array-flatten@1.1.1:
    version "1.1.1"
    resolved "https://registry.yarnpkg.com/array-flatten/-/array-flatten-1.1.1.tgz#9a5f699051b1e7073328f2a008968b64ea2955d2"
    integrity sha512-PCVAQswWemu6UdxsDFFX/+gVeYqKAod3D3UVm91jHwynguOwAvYPhx8nNlM++NqRcK6CxxpUafjmhIdKiHibqg==
  
  arrify@^2.0.0:
    version "2.0.1"
    resolved "https://registry.yarnpkg.com/arrify/-/arrify-2.0.1.tgz#c9655e9331e0abcd588d2a7cad7e9956f66701fa"
    integrity sha512-3duEwti880xqi4eAMN8AyR4a0ByT90zoYdLlevfrvU43vb0YZwZVfxOgxWrLXXXpyugL0hNZc9G6BiB5B3nUug==
  
  base64-js@^1.3.1:
    version "1.5.1"
    resolved "https://registry.yarnpkg.com/base64-js/-/base64-js-1.5.1.tgz#1b1b440160a5bf7ad40b650f095963481903930a"
    integrity sha512-AKpaYlHn8t4SVbOHCy+b5+KKgvR4vrsD8vbvrbiQJps7fKDTkjkDry6ji0rUJjC0kzbNePLwzxq8iypo41qeWA==
  
  base64id@2.0.0, base64id@~2.0.0:
    version "2.0.0"
    resolved "https://registry.yarnpkg.com/base64id/-/base64id-2.0.0.tgz#2770ac6bc47d312af97a8bf9a634342e0cd25cb6"
    integrity sha512-lGe34o6EHj9y3Kts9R4ZYs/Gr+6N7MCaMlIFA3F1R2O5/m7K06AxfSeO5530PEERE6/WyEg3lsuyw4GHlPZHog==
  
  bcryptjs@^2.4.3:
    version "2.4.3"
    resolved "https://registry.yarnpkg.com/bcryptjs/-/bcryptjs-2.4.3.tgz#9ab5627b93e60621ff7cdac5da9733027df1d0cb"
    integrity sha512-V/Hy/X9Vt7f3BbPJEi8BdVFMByHi+jNXrYkW3huaybV/kQ0KJg0Y6PkEMbn+zeT+i+SiKZ/HMqJGIIt4LZDqNQ==
  
  binary-extensions@^2.0.0:
    version "2.2.0"
    resolved "https://registry.yarnpkg.com/binary-extensions/-/binary-extensions-2.2.0.tgz#75f502eeaf9ffde42fc98829645be4ea76bd9e2d"
    integrity sha512-jDctJ/IVQbZoJykoeHbhXpOlNBqGNcwXJKJog42E5HDPUwQTSdjCHdihjj0DlnheQ7blbT6dHOafNAiS8ooQKA==
  
  body-parser@1.19.2:
    version "1.19.2"
    resolved "https://registry.yarnpkg.com/body-parser/-/body-parser-1.19.2.tgz#4714ccd9c157d44797b8b5607d72c0b89952f26e"
    integrity sha512-SAAwOxgoCKMGs9uUAUFHygfLAyaniaoun6I8mFY9pRAJL9+Kec34aU+oIjDhTycub1jozEfEwx1W1IuOYxVSFw==
    dependencies:
      bytes "3.1.2"
      content-type "~1.0.4"
      debug "2.6.9"
      depd "~1.1.2"
      http-errors "1.8.1"
      iconv-lite "0.4.24"
      on-finished "~2.3.0"
      qs "6.9.7"
      raw-body "2.4.3"
      type-is "~1.6.18"
  
  bowser@^2.11.0:
    version "2.11.0"
    resolved "https://registry.yarnpkg.com/bowser/-/bowser-2.11.0.tgz#5ca3c35757a7aa5771500c70a73a9f91ef420a8f"
    integrity sha512-AlcaJBi/pqqJBIQ8U9Mcpc9i8Aqxn88Skv5d+xBX006BY5u8N3mGLHa5Lgppa7L/HfwgwLgZ6NYs+Ag6uUmJRA==
  
  braces@~3.0.2:
    version "3.0.2"
    resolved "https://registry.yarnpkg.com/braces/-/braces-3.0.2.tgz#3454e1a462ee8d599e236df336cd9ea4f8afe107"
    integrity sha512-b8um+L1RzM3WDSzvhm6gIz1yfTbBt6YTlcEKAvsmqCZZFw46z626lVj9j1yEPW33H5H+lBQpZMP1k8l+78Ha0A==
    dependencies:
      fill-range "^7.0.1"
  
  bson@^4.7.2:
    version "4.7.2"
    resolved "https://registry.yarnpkg.com/bson/-/bson-4.7.2.tgz#320f4ad0eaf5312dd9b45dc369cc48945e2a5f2e"
    integrity sha512-Ry9wCtIZ5kGqkJoi6aD8KjxFZEx78guTQDnpXWiNthsxzrxAK/i8E6pCHAIZTbaEFWcOCvbecMukfK7XUvyLpQ==
    dependencies:
      buffer "^5.6.0"
  
  bson@^5.4.0:
    version "5.5.1"
    resolved "https://registry.yarnpkg.com/bson/-/bson-5.5.1.tgz#f5849d405711a7f23acdda9a442375df858e6833"
    integrity sha512-ix0EwukN2EpC0SRWIj/7B5+A6uQMQy6KMREI9qQqvgpkV2frH63T0UDVd1SYedL6dNCmDBYB3QtXi4ISk9YT+g==
  
  buffer@^5.6.0:
    version "5.7.1"
    resolved "https://registry.yarnpkg.com/buffer/-/buffer-5.7.1.tgz#ba62e7c13133053582197160851a8f648e99eed0"
    integrity sha512-EHcyIPBQ4BSGlvjB16k5KgAJ27CIsHY/2JBmCRReo48y9rQ3MaUzWX3KVlBa4U7MyX02HdVj0K7C3WaB3ju7FQ==
    dependencies:
      base64-js "^1.3.1"
      ieee754 "^1.1.13"
  
  bytes@3.1.2:
    version "3.1.2"
    resolved "https://registry.yarnpkg.com/bytes/-/bytes-3.1.2.tgz#8b0beeb98605adf1b128fa4386403c009e0221a5"
    integrity sha512-/Nf7TyzTx6S3yRJObOAV7956r8cr2+Oj8AC5dt8wSP3BQAoeX58NoHyCU8P8zGkNXStjTSi6fzO6F0pBdcYbEg==
  
  chokidar@^3.0.0:
    version "3.5.3"
    resolved "https://registry.yarnpkg.com/chokidar/-/chokidar-3.5.3.tgz#1cf37c8707b932bd1af1ae22c0432e2acd1903bd"
    integrity sha512-Dr3sfKRP6oTcjf2JmUmFJfeVMvXBdegxB0iVQ5eb2V10uFJUCAS8OByZdVAyVb8xXNz3GjjTgj9kLWsZTqE6kw==
    dependencies:
      anymatch "~3.1.2"
      braces "~3.0.2"
      glob-parent "~5.1.2"
      is-binary-path "~2.1.0"
      is-glob "~4.0.1"
      normalize-path "~3.0.0"
      readdirp "~3.6.0"
    optionalDependencies:
      fsevents "~2.3.2"
  
  content-disposition@0.5.4:
    version "0.5.4"
    resolved "https://registry.yarnpkg.com/content-disposition/-/content-disposition-0.5.4.tgz#8b82b4efac82512a02bb0b1dcec9d2c5e8eb5bfe"
    integrity sha512-FveZTNuGw04cxlAiWbzi6zTAL/lhehaWbTtgluJh4/E95DqMwTmha3KZN1aAWA8cFIhHzMZUvLevkw5Rqk+tSQ==
    dependencies:
      safe-buffer "5.2.1"
  
  content-type@~1.0.4:
    version "1.0.5"
    resolved "https://registry.yarnpkg.com/content-type/-/content-type-1.0.5.tgz#8b773162656d1d1086784c8f23a54ce6d73d7918"
    integrity sha512-nTjqfcBFEipKdXCv4YDQWCfmcLZKm81ldF0pAopTvyrFGVbcR6P/VAAd5G7N+0tTr8QqiU0tFadD6FK4NtJwOA==
  
  cookie-signature@1.0.6:
    version "1.0.6"
    resolved "https://registry.yarnpkg.com/cookie-signature/-/cookie-signature-1.0.6.tgz#e303a882b342cc3ee8ca513a79999734dab3ae2c"
    integrity sha512-QADzlaHc8icV8I7vbaJXJwod9HWYp8uCqf1xa4OfNu1T7JVxQIrUgOWtHdNDtPiywmFbiS12VjotIXLrKM3orQ==
  
  cookie@0.4.2, cookie@~0.4.1:
    version "0.4.2"
    resolved "https://registry.yarnpkg.com/cookie/-/cookie-0.4.2.tgz#0e41f24de5ecf317947c82fc789e06a884824432"
    integrity sha512-aSWTXFzaKWkvHO1Ny/s+ePFpvKsPnjc551iI41v3ny/ow6tBG5Vd+FuqGNhh1LxOmVzOlGUriIlOaokOvhaStA==
  
  cors@^2.8.5, cors@~2.8.5:
    version "2.8.5"
    resolved "https://registry.yarnpkg.com/cors/-/cors-2.8.5.tgz#eac11da51592dd86b9f06f6e7ac293b3df875d29"
    integrity sha512-KIHbLJqu73RGr/hnbrO9uBeixNGuvSQjul/jdFvS/KFSIH1hWVd1ng7zOHx+YrEfInLG7q4n6GHQ9cDtxv/P6g==
    dependencies:
      object-assign "^4"
      vary "^1"
  
  cross-spawn@^6.0.0:
    version "6.0.5"
    resolved "https://registry.yarnpkg.com/cross-spawn/-/cross-spawn-6.0.5.tgz#4a5ec7c64dfae22c3a14124dbacdee846d80cbc4"
    integrity sha512-eTVLrBSt7fjbDygz805pMnstIs2VTBNkRm0qxZd+M7A5XDdxVRWO5MxGBXZhjY4cqLYLdtrGqRf8mBPmzwSpWQ==
    dependencies:
      nice-try "^1.0.4"
      path-key "^2.0.1"
      semver "^5.5.0"
      shebang-command "^1.2.0"
      which "^1.2.9"
  
  debug@2.6.9:
    version "2.6.9"
    resolved "https://registry.yarnpkg.com/debug/-/debug-2.6.9.tgz#5d128515df134ff327e90a4c93f4e077a536341f"
    integrity sha512-bC7ElrdJaJnPbAP+1EotYvqZsb3ecl5wi6Bfi6BJTUcNowp6cvspg0jXznRTKDjm/E7AdgFBVeAPVMNcKGsHMA==
    dependencies:
      ms "2.0.0"
  
  debug@4.x, debug@~4.3.1, debug@~4.3.2:
    version "4.3.4"
    resolved "https://registry.yarnpkg.com/debug/-/debug-4.3.4.tgz#1319f6579357f2338d3337d2cdd4914bb5dcc865"
    integrity sha512-PRWFHuSU3eDtQJPvnNY7Jcket1j0t5OuOsFzPPzsekD52Zl8qUfFIPEiswXqIvHWGVHOgX+7G/vCNNhehwxfkQ==
    dependencies:
      ms "2.1.2"
  
  depd@~1.1.2:
    version "1.1.2"
    resolved "https://registry.yarnpkg.com/depd/-/depd-1.1.2.tgz#9bcd52e14c097763e749b274c4346ed2e560b5a9"
    integrity sha512-7emPTl6Dpo6JRXOXjLRxck+FlLRX5847cLKEn00PLAgc3g2hTZZgr+e4c2v6QpSmLeFP3n5yUo7ft6avBK/5jQ==
  
  destroy@~1.0.4:
    version "1.0.4"
    resolved "https://registry.yarnpkg.com/destroy/-/destroy-1.0.4.tgz#978857442c44749e4206613e37946205826abd80"
    integrity sha512-3NdhDuEXnfun/z7x9GOElY49LoqVHoGScmOKwmxhsS8N5Y+Z8KyPPDnaSzqWgYt/ji4mqwfTS34Htrk0zPIXVg==
  
  ee-first@1.1.1:
    version "1.1.1"
    resolved "https://registry.yarnpkg.com/ee-first/-/ee-first-1.1.1.tgz#590c61156b0ae2f4f0255732a158b266bc56b21d"
    integrity sha512-WMwm9LhRUo+WUaRN+vRuETqG89IgZphVSNkdFgeb6sS/E4OrDIN7t48CAewSHXc6C8lefD8KKfr5vY61brQlow==
  
  encodeurl@~1.0.2:
    version "1.0.2"
    resolved "https://registry.yarnpkg.com/encodeurl/-/encodeurl-1.0.2.tgz#ad3ff4c86ec2d029322f5a02c3a9a606c95b3f59"
    integrity sha512-TPJXq8JqFaVYm2CWmPvnP2Iyo4ZSM7/QKcSmuMLDObfpH5fi7RUGmd/rTDf+rut/saiDiQEeVTNgAmJEdAOx0w==
  
  engine.io-parser@~5.2.1:
    version "5.2.1"
    resolved "https://registry.yarnpkg.com/engine.io-parser/-/engine.io-parser-5.2.1.tgz#9f213c77512ff1a6cc0c7a86108a7ffceb16fcfb"
    integrity sha512-9JktcM3u18nU9N2Lz3bWeBgxVgOKpw7yhRaoxQA3FUDZzzw+9WlA6p4G4u0RixNkg14fH7EfEc/RhpurtiROTQ==
  
  engine.io@~6.5.2:
    version "6.5.4"
    resolved "https://registry.yarnpkg.com/engine.io/-/engine.io-6.5.4.tgz#6822debf324e781add2254e912f8568508850cdc"
    integrity sha512-KdVSDKhVKyOi+r5uEabrDLZw2qXStVvCsEB/LN3mw4WFi6Gx50jTyuxYVCwAAC0U46FdnzP/ScKRBTXb/NiEOg==
    dependencies:
      "@types/cookie" "^0.4.1"
      "@types/cors" "^2.8.12"
      "@types/node" ">=10.0.0"
      accepts "~1.3.4"
      base64id "2.0.0"
      cookie "~0.4.1"
      cors "~2.8.5"
      debug "~4.3.1"
      engine.io-parser "~5.2.1"
      ws "~8.11.0"
  
  escape-html@~1.0.3:
    version "1.0.3"
    resolved "https://registry.yarnpkg.com/escape-html/-/escape-html-1.0.3.tgz#0258eae4d3d0c0974de1c169188ef0051d1d1988"
    integrity sha512-NiSupZ4OeuGwr68lGIeym/ksIZMJodUGOSCZ/FSnTxcrekbvqrgdUxlJOMpijaKZVjAJrWrGs/6Jy8OMuyj9ow==
  
  etag@~1.8.1:
    version "1.8.1"
    resolved "https://registry.yarnpkg.com/etag/-/etag-1.8.1.tgz#41ae2eeb65efa62268aebfea83ac7d79299b0887"
    integrity sha512-aIL5Fx7mawVa300al2BnEE4iNvo1qETxLrPI/o05L7z6go7fCw1J6EQmbK4FmJ2AS7kgVF/KEZWufBfdClMcPg==
  
  express@4.17.3:
    version "4.17.3"
    resolved "https://registry.yarnpkg.com/express/-/express-4.17.3.tgz#f6c7302194a4fb54271b73a1fe7a06478c8f85a1"
    integrity sha512-yuSQpz5I+Ch7gFrPCk4/c+dIBKlQUxtgwqzph132bsT6qhuzss6I8cLJQz7B3rFblzd6wtcI0ZbGltH/C4LjUg==
    dependencies:
      accepts "~1.3.8"
      array-flatten "1.1.1"
      body-parser "1.19.2"
      content-disposition "0.5.4"
      content-type "~1.0.4"
      cookie "0.4.2"
      cookie-signature "1.0.6"
      debug "2.6.9"
      depd "~1.1.2"
      encodeurl "~1.0.2"
      escape-html "~1.0.3"
      etag "~1.8.1"
      finalhandler "~1.1.2"
      fresh "0.5.2"
      merge-descriptors "1.0.1"
      methods "~1.1.2"
      on-finished "~2.3.0"
      parseurl "~1.3.3"
      path-to-regexp "0.1.7"
      proxy-addr "~2.0.7"
      qs "6.9.7"
      range-parser "~1.2.1"
      safe-buffer "5.2.1"
      send "0.17.2"
      serve-static "1.14.2"
      setprototypeof "1.2.0"
      statuses "~1.5.0"
      type-is "~1.6.18"
      utils-merge "1.0.1"
      vary "~1.1.2"
  
  fast-xml-parser@4.2.5:
    version "4.2.5"
    resolved "https://registry.yarnpkg.com/fast-xml-parser/-/fast-xml-parser-4.2.5.tgz#a6747a09296a6cb34f2ae634019bf1738f3b421f"
    integrity sha512-B9/wizE4WngqQftFPmdaMYlXoJlJOYxGQOanC77fq9k8+Z0v5dDSVh+3glErdIROP//s/jgb7ZuxKfB8nVyo0g==
    dependencies:
      strnum "^1.0.5"
  
  fill-range@^7.0.1:
    version "7.0.1"
    resolved "https://registry.yarnpkg.com/fill-range/-/fill-range-7.0.1.tgz#1919a6a7c75fe38b2c7c77e5198535da9acdda40"
    integrity sha512-qOo9F+dMUmC2Lcb4BbVvnKJxTPjCm+RRpe4gDuGrzkL7mEVl/djYSu2OdQ2Pa302N4oqkSg9ir6jaLWJ2USVpQ==
    dependencies:
      to-regex-range "^5.0.1"
  
  finalhandler@~1.1.2:
    version "1.1.2"
    resolved "https://registry.yarnpkg.com/finalhandler/-/finalhandler-1.1.2.tgz#b7e7d000ffd11938d0fdb053506f6ebabe9f587d"
    integrity sha512-aAWcW57uxVNrQZqFXjITpW3sIUQmHGG3qSb9mUah9MgMC4NeWhNOlNjXEYq3HjRAvL6arUviZGGJsBg6z0zsWA==
    dependencies:
      debug "2.6.9"
      encodeurl "~1.0.2"
      escape-html "~1.0.3"
      on-finished "~2.3.0"
      parseurl "~1.3.3"
      statuses "~1.5.0"
      unpipe "~1.0.0"
  
  forwarded@0.2.0:
    version "0.2.0"
    resolved "https://registry.yarnpkg.com/forwarded/-/forwarded-0.2.0.tgz#2269936428aad4c15c7ebe9779a84bf0b2a81811"
    integrity sha512-buRG0fpBtRHSTCOASe6hD258tEubFoRLb4ZNA6NxMVHNw2gOcwHo9wyablzMzOA5z9xA9L1KNjk/Nt6MT9aYow==
  
  fresh@0.5.2:
    version "0.5.2"
    resolved "https://registry.yarnpkg.com/fresh/-/fresh-0.5.2.tgz#3d8cadd90d976569fa835ab1f8e4b23a105605a7"
    integrity sha512-zJ2mQYM18rEFOudeV4GShTGIQ7RbzA7ozbU9I/XBpm7kqgMywgmylMwXHxZJmkVoYkna9d2pVXVXPdYTP9ej8Q==
  
  fsevents@~2.3.2:
    version "2.3.3"
    resolved "https://registry.yarnpkg.com/fsevents/-/fsevents-2.3.3.tgz#cac6407785d03675a2a5e1a5305c697b347d90d6"
    integrity sha512-5xoDfX+fL7faATnagmWPpbFtwh/R77WmMMqqHGS65C3vvB0YHrgF+B1YmZ3441tMj5n63k0212XNoJwzlhffQw==
  
  glob-parent@~5.1.2:
    version "5.1.2"
    resolved "https://registry.yarnpkg.com/glob-parent/-/glob-parent-5.1.2.tgz#869832c58034fe68a4093c17dc15e8340d8401c4"
    integrity sha512-AOIgSQCepiJYwP3ARnGx+5VnTu2HBYdzbGP45eLw1vr3zB3vZLeyed1sC9hnbcOc9/SrMyM5RPQrkGz4aS9Zow==
    dependencies:
      is-glob "^4.0.1"
  
  has-flag@^4.0.0:
    version "4.0.0"
    resolved "https://registry.yarnpkg.com/has-flag/-/has-flag-4.0.0.tgz#944771fd9c81c81265c4d6941860da06bb59479b"
    integrity sha512-EykJT/Q1KjTWctppgIAgfSO0tKVuZUjhgMr17kqTumMl6Afv3EISleU7qZUzoXDFTAHTDC4NOoG/ZxU3EvlMPQ==
  
  http-errors@1.8.1:
    version "1.8.1"
    resolved "https://registry.yarnpkg.com/http-errors/-/http-errors-1.8.1.tgz#7c3f28577cbc8a207388455dbd62295ed07bd68c"
    integrity sha512-Kpk9Sm7NmI+RHhnj6OIWDI1d6fIoFAtFt9RLaTMRlg/8w49juAStsrBgp0Dp4OdxdVbRIeKhtCUvoi/RuAhO4g==
    dependencies:
      depd "~1.1.2"
      inherits "2.0.4"
      setprototypeof "1.2.0"
      statuses ">= 1.5.0 < 2"
      toidentifier "1.0.1"
  
  iconv-lite@0.4.24:
    version "0.4.24"
    resolved "https://registry.yarnpkg.com/iconv-lite/-/iconv-lite-0.4.24.tgz#2022b4b25fbddc21d2f524974a474aafe733908b"
    integrity sha512-v3MXnZAcvnywkTUEZomIActle7RXXeedOR31wwl7VlyoXO4Qi9arvSenNQWne1TcRwhCL1HwLI21bEqdpj8/rA==
    dependencies:
      safer-buffer ">= 2.1.2 < 3"
  
  ieee754@^1.1.13:
    version "1.2.1"
    resolved "https://registry.yarnpkg.com/ieee754/-/ieee754-1.2.1.tgz#8eb7a10a63fff25d15a57b001586d177d1b0d352"
    integrity sha512-dcyqhDvX1C46lXZcVqCpK+FtMRQVdIMN6/Df5js2zouUsqG7I6sFxitIC+7KYK29KdXOLHdu9zL4sFnoVQnqaA==
  
  ignore@^5.1.4:
    version "5.3.0"
    resolved "https://registry.yarnpkg.com/ignore/-/ignore-5.3.0.tgz#67418ae40d34d6999c95ff56016759c718c82f78"
    integrity sha512-g7dmpshy+gD7mh88OC9NwSGTKoc3kyLAZQRU1mt53Aw/vnvfXnbC+F/7F7QoYVKbV+KNvJx8wArewKy1vXMtlg==
  
  inherits@2.0.4:
    version "2.0.4"
    resolved "https://registry.yarnpkg.com/inherits/-/inherits-2.0.4.tgz#0fa2c64f932917c3433a0ded55363aae37416b7c"
    integrity sha512-k/vGaX4/Yla3WzyMCvTQOXYeIHvqOKtnqBduzTHpzpQZzAskKMhZ2K+EnBiSM9zGSoIFeMpXKxa4dYeZIQqewQ==
  
  ip@^2.0.0:
    version "2.0.0"
    resolved "https://registry.yarnpkg.com/ip/-/ip-2.0.0.tgz#4cf4ab182fee2314c75ede1276f8c80b479936da"
    integrity sha512-WKa+XuLG1A1R0UWhl2+1XQSi+fZWMsYKffMZTTYsiZaUD8k2yDAj5atimTUD2TZkyCkNEeYE5NhFZmupOGtjYQ==
  
  ipaddr.js@1.9.1:
    version "1.9.1"
    resolved "https://registry.yarnpkg.com/ipaddr.js/-/ipaddr.js-1.9.1.tgz#bff38543eeb8984825079ff3a2a8e6cbd46781b3"
    integrity sha512-0KI/607xoxSToH7GjN1FfSbLoU0+btTicjsQSWQlh/hZykN8KpmMf7uYwPW3R+akZ6R/w18ZlXSHBYXiYUPO3g==
  
  is-binary-path@~2.1.0:
    version "2.1.0"
    resolved "https://registry.yarnpkg.com/is-binary-path/-/is-binary-path-2.1.0.tgz#ea1f7f3b80f064236e83470f86c09c254fb45b09"
    integrity sha512-ZMERYes6pDydyuGidse7OsHxtbI7WVeUEozgR/g7rd0xUimYNlvZRE/K2MgZTjWy725IfelLeVcEM97mmtRGXw==
    dependencies:
      binary-extensions "^2.0.0"
  
  is-extglob@^2.1.1:
    version "2.1.1"
    resolved "https://registry.yarnpkg.com/is-extglob/-/is-extglob-2.1.1.tgz#a88c02535791f02ed37c76a1b9ea9773c833f8c2"
    integrity sha512-SbKbANkN603Vi4jEZv49LeVJMn4yGwsbzZworEoyEiutsN3nJYdbO36zfhGJ6QEDpOZIFkDtnq5JRxmvl3jsoQ==
  
  is-glob@^4.0.1, is-glob@~4.0.1:
    version "4.0.3"
    resolved "https://registry.yarnpkg.com/is-glob/-/is-glob-4.0.3.tgz#64f61e42cbbb2eec2071a9dac0b28ba1e65d5084"
    integrity sha512-xelSayHH36ZgE7ZWhli7pW34hNbNl8Ojv5KVmkJD4hBdD3th8Tfk9vYasLM+mXWOZhFkgZfxhLSnrwRr4elSSg==
    dependencies:
      is-extglob "^2.1.1"
  
  is-number@^7.0.0:
    version "7.0.0"
    resolved "https://registry.yarnpkg.com/is-number/-/is-number-7.0.0.tgz#7535345b896734d5f80c4d06c50955527a14f12b"
    integrity sha512-41Cifkg6e8TylSpdtTpeLVMqvSBEVzTttHvERD741+pnZ8ANv0004MRL43QKPDlK9cGvNp6NZWZUBlbGXYxxng==
  
  isexe@^2.0.0:
    version "2.0.0"
    resolved "https://registry.yarnpkg.com/isexe/-/isexe-2.0.0.tgz#e8fbf374dc556ff8947a10dcb0572d633f2cfa10"
    integrity sha512-RHxMLp9lnKHGHRng9QFhRCMbYAcVpn69smSGcq3f36xjgVVWThj4qqLbTLlq7Ssj8B+fIQ1EuCEGI2lKsyQeIw==
  
  kareem@2.5.1:
    version "2.5.1"
    resolved "https://registry.yarnpkg.com/kareem/-/kareem-2.5.1.tgz#7b8203e11819a8e77a34b3517d3ead206764d15d"
    integrity sha512-7jFxRVm+jD+rkq3kY0iZDJfsO2/t4BBPeEb2qKn2lR/9KhuksYk5hxzfRYWMPV8P/x2d0kHD306YyWLzjjH+uA==
  
  media-typer@0.3.0:
    version "0.3.0"
    resolved "https://registry.yarnpkg.com/media-typer/-/media-typer-0.3.0.tgz#8710d7af0aa626f8fffa1ce00168545263255748"
    integrity sha512-dq+qelQ9akHpcOl/gUVRTxVIOkAJ1wR3QAvb4RsVjS8oVoFjDGTc679wJYmUmknUF5HwMLOgb5O+a3KxfWapPQ==
  
  memory-pager@^1.0.2:
    version "1.5.0"
    resolved "https://registry.yarnpkg.com/memory-pager/-/memory-pager-1.5.0.tgz#d8751655d22d384682741c972f2c3d6dfa3e66b5"
    integrity sha512-ZS4Bp4r/Zoeq6+NLJpP+0Zzm0pR8whtGPf1XExKLJBAczGMnSi3It14OiNCStjQjM6NU1okjQGSxgEZN8eBYKg==
  
  merge-descriptors@1.0.1:
    version "1.0.1"
    resolved "https://registry.yarnpkg.com/merge-descriptors/-/merge-descriptors-1.0.1.tgz#b00aaa556dd8b44568150ec9d1b953f3f90cbb61"
    integrity sha512-cCi6g3/Zr1iqQi6ySbseM1Xvooa98N0w31jzUYrXPX2xqObmFGHJ0tQ5u74H3mVh7wLouTseZyYIq39g8cNp1w==
  
  methods@~1.1.2:
    version "1.1.2"
    resolved "https://registry.yarnpkg.com/methods/-/methods-1.1.2.tgz#5529a4d67654134edcc5266656835b0f851afcee"
    integrity sha512-iclAHeNqNm68zFtnZ0e+1L2yUIdvzNoauKU4WBA3VvH/vPFieF7qfRlwUZU+DA9P9bPXIS90ulxoUoCH23sV2w==
  
  mime-db@1.52.0:
    version "1.52.0"
    resolved "https://registry.yarnpkg.com/mime-db/-/mime-db-1.52.0.tgz#bbabcdc02859f4987301c856e3387ce5ec43bf70"
    integrity sha512-sPU4uV7dYlvtWJxwwxHD0PuihVNiE7TyAbQ5SWxDCB9mUYvOgroQOwYQQOKPJ8CIbE+1ETVlOoK1UC2nU3gYvg==
  
  mime-types@~2.1.24, mime-types@~2.1.34:
    version "2.1.35"
    resolved "https://registry.yarnpkg.com/mime-types/-/mime-types-2.1.35.tgz#381a871b62a734450660ae3deee44813f70d959a"
    integrity sha512-ZDY+bPm5zTTF+YpCrAU9nK0UgICYPT0QtT1NZWFv4s++TNkcgVaT0g6+4R2uI4MjQjzysHB1zxuWL50hzaeXiw==
    dependencies:
      mime-db "1.52.0"
  
  mime@1.6.0:
    version "1.6.0"
    resolved "https://registry.yarnpkg.com/mime/-/mime-1.6.0.tgz#32cd9e5c64553bd58d19a568af452acff04981b1"
    integrity sha512-x0Vn8spI+wuJ1O6S7gnbaQg8Pxh4NNHb7KSINmEWKiPE4RKOplvijn+NkmYmmRgP68mc70j2EbeTFRsrswaQeg==
  
  minimist@^1.2.0:
    version "1.2.8"
    resolved "https://registry.yarnpkg.com/minimist/-/minimist-1.2.8.tgz#c1a464e7693302e082a075cee0c057741ac4772c"
    integrity sha512-2yyAR8qBkN3YuheJanUpWC5U3bb5osDywNB8RzDVlDwDHbocAJveqqj1u8+SVD7jkWT4yvsHCpWqqWqAxb0zCA==
  
  mongo-sanitize@1.0.1:
    version "1.0.1"
    resolved "https://registry.yarnpkg.com/mongo-sanitize/-/mongo-sanitize-1.0.1.tgz#23fb7eb33a97bbfc8219e6f41a889a4b96c4a850"
    integrity sha512-y18QHyoQomBPdv48F0pJfBByZXql056fcj+5cPZt9MbpR+d1kKaGYQ3tiKE3bZLWDHBuMr5djhlxGO0vEMp2/A==
  
  mongodb-connection-string-url@^2.6.0:
    version "2.6.0"
    resolved "https://registry.yarnpkg.com/mongodb-connection-string-url/-/mongodb-connection-string-url-2.6.0.tgz#57901bf352372abdde812c81be47b75c6b2ec5cf"
    integrity sha512-WvTZlI9ab0QYtTYnuMLgobULWhokRjtC7db9LtcVfJ+Hsnyr5eo6ZtNAt3Ly24XZScGMelOcGtm7lSn0332tPQ==
    dependencies:
      "@types/whatwg-url" "^8.2.1"
      whatwg-url "^11.0.0"
  
  mongodb@4.17.0:
    version "4.17.0"
    resolved "https://registry.yarnpkg.com/mongodb/-/mongodb-4.17.0.tgz#10202357c1a5910ce9a4aecb4e5f79df500db31c"
    integrity sha512-LZGMIPjPfWEfhPJATk1s9IvVTD18tyfKdT/0blCMih5vGagk2SwA9wFAUPMdtJpTrhXmyfGgwAaMkvneX2bn2A==
    dependencies:
      bson "^4.7.2"
      mongodb-connection-string-url "^2.6.0"
      socks "^2.7.1"
    optionalDependencies:
      "@aws-sdk/credential-providers" "^3.186.0"
      "@mongodb-js/saslprep" "^1.1.0"
  
  mongodb@5.8.1:
    version "5.8.1"
    resolved "https://registry.yarnpkg.com/mongodb/-/mongodb-5.8.1.tgz#dc201adfbd6c6d73401cdcf12ebdb75f14771faf"
    integrity sha512-wKyh4kZvm6NrCPH8AxyzXm3JBoEf4Xulo0aUWh3hCgwgYJxyQ1KLST86ZZaSWdj6/kxYUA3+YZuyADCE61CMSg==
    dependencies:
      bson "^5.4.0"
      mongodb-connection-string-url "^2.6.0"
      socks "^2.7.1"
    optionalDependencies:
      "@mongodb-js/saslprep" "^1.1.0"
  
  mongoose@7.5.0:
    version "7.5.0"
    resolved "https://registry.yarnpkg.com/mongoose/-/mongoose-7.5.0.tgz#d10003ffc1ff876d761c7cbca6844ddd2aadd42f"
    integrity sha512-FpOWOb0AJuaVcplmEyIJ2eCbVGe4gOoniPD+pmft5BrGrNrsFcnYXlERdXtBApGHMHPwD7WbxTyhCbUNr72F3Q==
    dependencies:
      bson "^5.4.0"
      kareem "2.5.1"
      mongodb "5.8.1"
      mpath "0.9.0"
      mquery "5.0.0"
      ms "2.1.3"
      sift "16.0.1"
  
  mpath@0.9.0:
    version "0.9.0"
    resolved "https://registry.yarnpkg.com/mpath/-/mpath-0.9.0.tgz#0c122fe107846e31fc58c75b09c35514b3871904"
    integrity sha512-ikJRQTk8hw5DEoFVxHG1Gn9T/xcjtdnOKIU1JTmGjZZlg9LST2mBLmcX3/ICIbgJydT2GOc15RnNy5mHmzfSew==
  
  mquery@5.0.0:
    version "5.0.0"
    resolved "https://registry.yarnpkg.com/mquery/-/mquery-5.0.0.tgz#a95be5dfc610b23862df34a47d3e5d60e110695d"
    integrity sha512-iQMncpmEK8R8ncT8HJGsGc9Dsp8xcgYMVSbs5jgnm1lFHTZqMJTUWTDx1LBO8+mK3tPNZWFLBghQEIOULSTHZg==
    dependencies:
      debug "4.x"
  
  ms@2.0.0:
    version "2.0.0"
    resolved "https://registry.yarnpkg.com/ms/-/ms-2.0.0.tgz#5608aeadfc00be6c2901df5f9861788de0d597c8"
    integrity sha512-Tpp60P6IUJDTuOq/5Z8cdskzJujfwqfOTkrwIwj7IRISpnkJnT6SyJ4PCPnGMoFjC9ddhal5KVIYtAt97ix05A==
  
  ms@2.1.2:
    version "2.1.2"
    resolved "https://registry.yarnpkg.com/ms/-/ms-2.1.2.tgz#d09d1f357b443f493382a8eb3ccd183872ae6009"
    integrity sha512-sGkPx+VjMtmA6MX27oA4FBFELFCZZ4S4XqeGOXCv68tT+jb3vk/RyaKWP0PTKyWtmLSM0b+adUTEvbs1PEaH2w==
  
  ms@2.1.3:
    version "2.1.3"
    resolved "https://registry.yarnpkg.com/ms/-/ms-2.1.3.tgz#574c8138ce1d2b5861f0b44579dbadd60c6615b2"
    integrity sha512-6FlzubTLZG3J2a/NVCAleEhjzq5oxgHyaCU9yYXvcLsvoVaHJq/s5xXI6/XXP6tz7R9xAOtHnSO/tXtF3WRTlA==
  
  negotiator@0.6.3:
    version "0.6.3"
    resolved "https://registry.yarnpkg.com/negotiator/-/negotiator-0.6.3.tgz#58e323a72fedc0d6f9cd4d31fe49f51479590ccd"
    integrity sha512-+EUsqGPLsM+j/zdChZjsnX51g4XrHFOIXwfnCVPGlQk/k5giakcKsuxCObBRu6DSm9opw/O6slWbJdghQM4bBg==
  
  nice-try@^1.0.4:
    version "1.0.5"
    resolved "https://registry.yarnpkg.com/nice-try/-/nice-try-1.0.5.tgz#a3378a7696ce7d223e88fc9b764bd7ef1089e366"
    integrity sha512-1nh45deeb5olNY7eX82BkPO7SSxR5SSYJiPTrTdFUVYwAl8CKMA5N9PjTYkHiRjisVcxcQ1HXdLhx2qxxJzLNQ==
  
  normalize-path@^3.0.0, normalize-path@~3.0.0:
    version "3.0.0"
    resolved "https://registry.yarnpkg.com/normalize-path/-/normalize-path-3.0.0.tgz#0dcd69ff23a1c9b11fd0978316644a0388216a65"
    integrity sha512-6eZs5Ls3WtCisHWp9S2GUy8dqkpGi4BVSz3GaqiE6ezub0512ESztXUwUB6C6IKbQkY2Pnb/mD4WYojCRwcwLA==
  
  object-assign@^4:
    version "4.1.1"
    resolved "https://registry.yarnpkg.com/object-assign/-/object-assign-4.1.1.tgz#2109adc7965887cfc05cbbd442cac8bfbb360863"
    integrity sha512-rJgTQnkUnH1sFw8yT6VSU3zD3sWmu6sZhIseY8VX+GRu3P6F7Fu+JNDoXfklElbLJSnc3FUQHVe4cU5hj+BcUg==
  
  on-finished@~2.3.0:
    version "2.3.0"
    resolved "https://registry.yarnpkg.com/on-finished/-/on-finished-2.3.0.tgz#20f1336481b083cd75337992a16971aa2d906947"
    integrity sha512-ikqdkGAAyf/X/gPhXGvfgAytDZtDbr+bkNUJ0N9h5MI/dmdgCs3l6hoHrcUv41sRKew3jIwrp4qQDXiK99Utww==
    dependencies:
      ee-first "1.1.1"
  
  onchange@6.1.0:
    version "6.1.0"
    resolved "https://registry.yarnpkg.com/onchange/-/onchange-6.1.0.tgz#61fe2f1e994b4b5efb67e65033e3d5ac27fec347"
    integrity sha512-T0wvi3yzNd+Lut2ymJp2e6fTiob0TLrXnjqGaiK9MAFB8MYo/k/ZClx6ps7YhTtQ88dDm+hDHmtJXP1nJT5WNA==
    dependencies:
      "@blakeembrey/deque" "^1.0.3"
      arrify "^2.0.0"
      chokidar "^3.0.0"
      cross-spawn "^6.0.0"
      ignore "^5.1.4"
      minimist "^1.2.0"
      supports-color "^7.0.0"
      tree-kill "^1.2.0"
  
  parseurl@~1.3.3:
    version "1.3.3"
    resolved "https://registry.yarnpkg.com/parseurl/-/parseurl-1.3.3.tgz#9da19e7bee8d12dff0513ed5b76957793bc2e8d4"
    integrity sha512-CiyeOxFT/JZyN5m0z9PfXw4SCBJ6Sygz1Dpl0wqjlhDEGGBP1GnsUVEL0p63hoG1fcj3fHynXi9NYO4nWOL+qQ==
  
  path-key@^2.0.1:
    version "2.0.1"
    resolved "https://registry.yarnpkg.com/path-key/-/path-key-2.0.1.tgz#411cadb574c5a140d3a4b1910d40d80cc9f40b40"
    integrity sha512-fEHGKCSmUSDPv4uoj8AlD+joPlq3peND+HRYyxFz4KPw4z926S/b8rIuFs2FYJg3BwsxJf6A9/3eIdLaYC+9Dw==
  
  path-to-regexp@0.1.7:
    version "0.1.7"
    resolved "https://registry.yarnpkg.com/path-to-regexp/-/path-to-regexp-0.1.7.tgz#df604178005f522f15eb4490e7247a1bfaa67f8c"
    integrity sha512-5DFkuoqlv1uYQKxy8omFBeJPQcdoE07Kv2sferDCrAq1ohOU+MSDswDIbnx3YAM60qIOnYa53wBhXW0EbMonrQ==
  
  picomatch@^2.0.4, picomatch@^2.2.1:
    version "2.3.1"
    resolved "https://registry.yarnpkg.com/picomatch/-/picomatch-2.3.1.tgz#3ba3833733646d9d3e4995946c1365a67fb07a42"
    integrity sha512-JU3teHTNjmE2VCGFzuY8EXzCDVwEqB2a8fsIvwaStHhAWJEeVd1o1QD80CU6+ZdEXXSLbSsuLwJjkCBWqRQUVA==
  
  proxy-addr@~2.0.7:
    version "2.0.7"
    resolved "https://registry.yarnpkg.com/proxy-addr/-/proxy-addr-2.0.7.tgz#f19fe69ceab311eeb94b42e70e8c2070f9ba1025"
    integrity sha512-llQsMLSUDUPT44jdrU/O37qlnifitDP+ZwrmmZcoSKyLKvtZxpyV0n2/bD/N4tBAAZ/gJEdZU7KMraoK1+XYAg==
    dependencies:
      forwarded "0.2.0"
      ipaddr.js "1.9.1"
  
  punycode@^2.1.1:
    version "2.3.1"
    resolved "https://registry.yarnpkg.com/punycode/-/punycode-2.3.1.tgz#027422e2faec0b25e1549c3e1bd8309b9133b6e5"
    integrity sha512-vYt7UD1U9Wg6138shLtLOvdAu+8DsC/ilFtEVHcH+wydcSpNE20AfSOduf6MkRFahL5FY7X1oU7nKVZFtfq8Fg==
  
  qs@6.9.7:
    version "6.9.7"
    resolved "https://registry.yarnpkg.com/qs/-/qs-6.9.7.tgz#4610846871485e1e048f44ae3b94033f0e675afe"
    integrity sha512-IhMFgUmuNpyRfxA90umL7ByLlgRXu6tIfKPpF5TmcfRLlLCckfP/g3IQmju6jjpu+Hh8rA+2p6A27ZSPOOHdKw==
  
  range-parser@~1.2.1:
    version "1.2.1"
    resolved "https://registry.yarnpkg.com/range-parser/-/range-parser-1.2.1.tgz#3cf37023d199e1c24d1a55b84800c2f3e6468031"
    integrity sha512-Hrgsx+orqoygnmhFbKaHE6c296J+HTAQXoxEF6gNupROmmGJRoyzfG3ccAveqCBrwr/2yxQ5BVd/GTl5agOwSg==
  
  raw-body@2.4.3:
    version "2.4.3"
    resolved "https://registry.yarnpkg.com/raw-body/-/raw-body-2.4.3.tgz#8f80305d11c2a0a545c2d9d89d7a0286fcead43c"
    integrity sha512-UlTNLIcu0uzb4D2f4WltY6cVjLi+/jEN4lgEUj3E04tpMDpUlkBo/eSn6zou9hum2VMNpCCUone0O0WeJim07g==
    dependencies:
      bytes "3.1.2"
      http-errors "1.8.1"
      iconv-lite "0.4.24"
      unpipe "1.0.0"
  
  readdirp@~3.6.0:
    version "3.6.0"
    resolved "https://registry.yarnpkg.com/readdirp/-/readdirp-3.6.0.tgz#74a370bd857116e245b29cc97340cd431a02a6c7"
    integrity sha512-hOS089on8RduqdbhvQ5Z37A0ESjsqz6qnRcffsMU3495FuTdqSm+7bhJ29JvIOsBDEEnan5DPu9t3To9VRlMzA==
    dependencies:
      picomatch "^2.2.1"
  
  safe-buffer@5.2.1:
    version "5.2.1"
    resolved "https://registry.yarnpkg.com/safe-buffer/-/safe-buffer-5.2.1.tgz#1eaf9fa9bdb1fdd4ec75f58f9cdb4e6b7827eec6"
    integrity sha512-rp3So07KcdmmKbGvgaNxQSJr7bGVSVk5S9Eq1F+ppbRo70+YeaDxkw5Dd8NPN+GD6bjnYm2VuPuCXmpuYvmCXQ==
  
  "safer-buffer@>= 2.1.2 < 3":
    version "2.1.2"
    resolved "https://registry.yarnpkg.com/safer-buffer/-/safer-buffer-2.1.2.tgz#44fa161b0187b9549dd84bb91802f9bd8385cd6a"
    integrity sha512-YZo3K82SD7Riyi0E1EQPojLz7kpepnSQI9IyPbHHg1XXXevb5dJI7tpyN2ADxGcQbHG7vcyRHk0cbwqcQriUtg==
  
  semver@^5.5.0:
    version "5.7.2"
    resolved "https://registry.yarnpkg.com/semver/-/semver-5.7.2.tgz#48d55db737c3287cd4835e17fa13feace1c41ef8"
    integrity sha512-cBznnQ9KjJqU67B52RMC65CMarK2600WFnbkcaiwWq3xy/5haFJlshgnpjovMVJ+Hff49d8GEn0b87C5pDQ10g==
  
  send@0.17.2:
    version "0.17.2"
    resolved "https://registry.yarnpkg.com/send/-/send-0.17.2.tgz#926622f76601c41808012c8bf1688fe3906f7820"
    integrity sha512-UJYB6wFSJE3G00nEivR5rgWp8c2xXvJ3OPWPhmuteU0IKj8nKbG3DrjiOmLwpnHGYWAVwA69zmTm++YG0Hmwww==
    dependencies:
      debug "2.6.9"
      depd "~1.1.2"
      destroy "~1.0.4"
      encodeurl "~1.0.2"
      escape-html "~1.0.3"
      etag "~1.8.1"
      fresh "0.5.2"
      http-errors "1.8.1"
      mime "1.6.0"
      ms "2.1.3"
      on-finished "~2.3.0"
      range-parser "~1.2.1"
      statuses "~1.5.0"
  
  serve-static@1.14.2:
    version "1.14.2"
    resolved "https://registry.yarnpkg.com/serve-static/-/serve-static-1.14.2.tgz#722d6294b1d62626d41b43a013ece4598d292bfa"
    integrity sha512-+TMNA9AFxUEGuC0z2mevogSnn9MXKb4fa7ngeRMJaaGv8vTwnIEkKi+QGvPt33HSnf8pRS+WGM0EbMtCJLKMBQ==
    dependencies:
      encodeurl "~1.0.2"
      escape-html "~1.0.3"
      parseurl "~1.3.3"
      send "0.17.2"
  
  setprototypeof@1.2.0:
    version "1.2.0"
    resolved "https://registry.yarnpkg.com/setprototypeof/-/setprototypeof-1.2.0.tgz#66c9a24a73f9fc28cbe66b09fed3d33dcaf1b424"
    integrity sha512-E5LDX7Wrp85Kil5bhZv46j8jOeboKq5JMmYM3gVGdGH8xFpPWXUMsNrlODCrkoxMEeNi/XZIwuRvY4XNwYMJpw==
  
  shebang-command@^1.2.0:
    version "1.2.0"
    resolved "https://registry.yarnpkg.com/shebang-command/-/shebang-command-1.2.0.tgz#44aac65b695b03398968c39f363fee5deafdf1ea"
    integrity sha512-EV3L1+UQWGor21OmnvojK36mhg+TyIKDh3iFBKBohr5xeXIhNBcx8oWdgkTEEQ+BEFFYdLRuqMfd5L84N1V5Vg==
    dependencies:
      shebang-regex "^1.0.0"
  
  shebang-regex@^1.0.0:
    version "1.0.0"
    resolved "https://registry.yarnpkg.com/shebang-regex/-/shebang-regex-1.0.0.tgz#da42f49740c0b42db2ca9728571cb190c98efea3"
    integrity sha512-wpoSFAxys6b2a2wHZ1XpDSgD7N9iVjg29Ph9uV/uaP9Ex/KXlkTZTeddxDPSYQpgvzKLGJke2UU0AzoGCjNIvQ==
  
  sift@16.0.1:
    version "16.0.1"
    resolved "https://registry.yarnpkg.com/sift/-/sift-16.0.1.tgz#e9c2ccc72191585008cf3e36fc447b2d2633a053"
    integrity sha512-Wv6BjQ5zbhW7VFefWusVP33T/EM0vYikCaQ2qR8yULbsilAT8/wQaXvuQ3ptGLpoKx+lihJE3y2UTgKDyyNHZQ==
  
  smart-buffer@^4.2.0:
    version "4.2.0"
    resolved "https://registry.yarnpkg.com/smart-buffer/-/smart-buffer-4.2.0.tgz#6e1d71fa4f18c05f7d0ff216dd16a481d0e8d9ae"
    integrity sha512-94hK0Hh8rPqQl2xXc3HsaBoOXKV20MToPkcXvwbISWLEs+64sBq5kFgn2kJDHb1Pry9yrP0dxrCI9RRci7RXKg==
  
  socket.io-adapter@~2.5.2:
    version "2.5.2"
    resolved "https://registry.yarnpkg.com/socket.io-adapter/-/socket.io-adapter-2.5.2.tgz#5de9477c9182fdc171cd8c8364b9a8894ec75d12"
    integrity sha512-87C3LO/NOMc+eMcpcxUBebGjkpMDkNBS9tf7KJqcDsmL936EChtVva71Dw2q4tQcuVC+hAUy4an2NO/sYXmwRA==
    dependencies:
      ws "~8.11.0"
  
  socket.io-parser@~4.2.4:
    version "4.2.4"
    resolved "https://registry.yarnpkg.com/socket.io-parser/-/socket.io-parser-4.2.4.tgz#c806966cf7270601e47469ddeec30fbdfda44c83"
    integrity sha512-/GbIKmo8ioc+NIWIhwdecY0ge+qVBSMdgxGygevmdHj24bsfgtCmcUUcQ5ZzcylGFHsN3k4HB4Cgkl96KVnuew==
    dependencies:
      "@socket.io/component-emitter" "~3.1.0"
      debug "~4.3.1"
  
  socket.io@^4.7.2:
    version "4.7.2"
    resolved "https://registry.yarnpkg.com/socket.io/-/socket.io-4.7.2.tgz#22557d76c3f3ca48f82e73d68b7add36a22df002"
    integrity sha512-bvKVS29/I5fl2FGLNHuXlQaUH/BlzX1IN6S+NKLNZpBsPZIDH+90eQmCs2Railn4YUiww4SzUedJ6+uzwFnKLw==
    dependencies:
      accepts "~1.3.4"
      base64id "~2.0.0"
      cors "~2.8.5"
      debug "~4.3.2"
      engine.io "~6.5.2"
      socket.io-adapter "~2.5.2"
      socket.io-parser "~4.2.4"
  
  socks@^2.7.1:
    version "2.7.1"
    resolved "https://registry.yarnpkg.com/socks/-/socks-2.7.1.tgz#d8e651247178fde79c0663043e07240196857d55"
    integrity sha512-7maUZy1N7uo6+WVEX6psASxtNlKaNVMlGQKkG/63nEDdLOWNbiUMoLK7X4uYoLhQstau72mLgfEWcXcwsaHbYQ==
    dependencies:
      ip "^2.0.0"
      smart-buffer "^4.2.0"
  
  sparse-bitfield@^3.0.3:
    version "3.0.3"
    resolved "https://registry.yarnpkg.com/sparse-bitfield/-/sparse-bitfield-3.0.3.tgz#ff4ae6e68656056ba4b3e792ab3334d38273ca11"
    integrity sha512-kvzhi7vqKTfkh0PZU+2D2PIllw2ymqJKujUcyPMd9Y75Nv4nPbGJZXNhxsgdQab2BmlDct1YnfQCguEvHr7VsQ==
    dependencies:
      memory-pager "^1.0.2"
  
  "statuses@>= 1.5.0 < 2", statuses@~1.5.0:
    version "1.5.0"
    resolved "https://registry.yarnpkg.com/statuses/-/statuses-1.5.0.tgz#161c7dac177659fd9811f43771fa99381478628c"
    integrity sha512-OpZ3zP+jT1PI7I8nemJX4AKmAX070ZkYPVWV/AaKTJl+tXCTGyVdC1a4SL8RUQYEwk/f34ZX8UTykN68FwrqAA==
  
  strnum@^1.0.5:
    version "1.0.5"
    resolved "https://registry.yarnpkg.com/strnum/-/strnum-1.0.5.tgz#5c4e829fe15ad4ff0d20c3db5ac97b73c9b072db"
    integrity sha512-J8bbNyKKXl5qYcR36TIO8W3mVGVHrmmxsd5PAItGkmyzwJvybiw2IVq5nqd0i4LSNSkB/sx9VHllbfFdr9k1JA==
  
  supports-color@^7.0.0:
    version "7.2.0"
    resolved "https://registry.yarnpkg.com/supports-color/-/supports-color-7.2.0.tgz#1b7dcdcb32b8138801b3e478ba6a51caa89648da"
    integrity sha512-qpCAvRl9stuOHveKsn7HncJRvv501qIacKzQlO/+Lwxc9+0q2wLyv4Dfvt80/DPn2pqOBsJdDiogXGR9+OvwRw==
    dependencies:
      has-flag "^4.0.0"
  
  to-regex-range@^5.0.1:
    version "5.0.1"
    resolved "https://registry.yarnpkg.com/to-regex-range/-/to-regex-range-5.0.1.tgz#1648c44aae7c8d988a326018ed72f5b4dd0392e4"
    integrity sha512-65P7iz6X5yEr1cwcgvQxbbIw7Uk3gOy5dIdtZ4rDveLqhrdJP+Li/Hx6tyK0NEb+2GCyneCMJiGqrADCSNk8sQ==
    dependencies:
      is-number "^7.0.0"
  
  toidentifier@1.0.1:
    version "1.0.1"
    resolved "https://registry.yarnpkg.com/toidentifier/-/toidentifier-1.0.1.tgz#3be34321a88a820ed1bd80dfaa33e479fbb8dd35"
    integrity sha512-o5sSPKEkg/DIQNmH43V0/uerLrpzVedkUh8tGNvaeXpfpuwjKenlSox/2O/BTlZUtEe+JG7s5YhEz608PlAHRA==
  
  tr46@^3.0.0:
    version "3.0.0"
    resolved "https://registry.yarnpkg.com/tr46/-/tr46-3.0.0.tgz#555c4e297a950617e8eeddef633c87d4d9d6cbf9"
    integrity sha512-l7FvfAHlcmulp8kr+flpQZmVwtu7nfRV7NZujtN0OqES8EL4O4e0qqzL0DC5gAvx/ZC/9lk6rhcUwYvkBnBnYA==
    dependencies:
      punycode "^2.1.1"
  
  tree-kill@^1.2.0:
    version "1.2.2"
    resolved "https://registry.yarnpkg.com/tree-kill/-/tree-kill-1.2.2.tgz#4ca09a9092c88b73a7cdc5e8a01b507b0790a0cc"
    integrity sha512-L0Orpi8qGpRG//Nd+H90vFB+3iHnue1zSSGmNOOCh1GLJ7rUKVwV2HvijphGQS2UmhUZewS9VgvxYIdgr+fG1A==
  
  tslib@^1.11.1:
    version "1.14.1"
    resolved "https://registry.yarnpkg.com/tslib/-/tslib-1.14.1.tgz#cf2d38bdc34a134bcaf1091c41f6619e2f672d00"
    integrity sha512-Xni35NKzjgMrwevysHTCArtLDpPvye8zV/0E4EyYn43P7/7qvQwPh9BGkHewbMulVntbigmcT7rdX3BNo9wRJg==
  
  tslib@^2.3.1, tslib@^2.5.0:
    version "2.6.2"
    resolved "https://registry.yarnpkg.com/tslib/-/tslib-2.6.2.tgz#703ac29425e7b37cd6fd456e92404d46d1f3e4ae"
    integrity sha512-AEYxH93jGFPn/a2iVAwW87VuUIkR1FVUKB77NwMF7nBTDkDrrT/Hpt/IrCJ0QXhW27jTBDcf5ZY7w6RiqTMw2Q==
  
  type-is@~1.6.18:
    version "1.6.18"
    resolved "https://registry.yarnpkg.com/type-is/-/type-is-1.6.18.tgz#4e552cd05df09467dcbc4ef739de89f2cf37c131"
    integrity sha512-TkRKr9sUTxEH8MdfuCSP7VizJyzRNMjj2J2do2Jr3Kym598JVdEksuzPQCnlFPW4ky9Q+iA+ma9BGm06XQBy8g==
    dependencies:
      media-typer "0.3.0"
      mime-types "~2.1.24"
  
  undici-types@~5.26.4:
    version "5.26.5"
    resolved "https://registry.yarnpkg.com/undici-types/-/undici-types-5.26.5.tgz#bcd539893d00b56e964fd2657a4866b221a65617"
    integrity sha512-JlCMO+ehdEIKqlFxk6IfVoAUVmgz7cU7zD/h9XZ0qzeosSHmUJVOzSQvvYSYWXkFXC+IfLKSIffhv0sVZup6pA==
  
  unpipe@1.0.0, unpipe@~1.0.0:
    version "1.0.0"
    resolved "https://registry.yarnpkg.com/unpipe/-/unpipe-1.0.0.tgz#b2bf4ee8514aae6165b4817829d21b2ef49904ec"
    integrity sha512-pjy2bYhSsufwWlKwPc+l3cN7+wuJlK6uz0YdJEOlQDbl6jo/YlPi4mb8agUkVC8BF7V8NuzeyPNqRksA3hztKQ==
  
  utils-merge@1.0.1:
    version "1.0.1"
    resolved "https://registry.yarnpkg.com/utils-merge/-/utils-merge-1.0.1.tgz#9f95710f50a267947b2ccc124741c1028427e713"
    integrity sha512-pMZTvIkT1d+TFGvDOqodOclx0QWkkgi6Tdoa8gC8ffGAAqz9pzPTZWAybbsHHoED/ztMtkv/VoYTYyShUn81hA==
  
  uuid@^8.3.2:
    version "8.3.2"
    resolved "https://registry.yarnpkg.com/uuid/-/uuid-8.3.2.tgz#80d5b5ced271bb9af6c445f21a1a04c606cefbe2"
    integrity sha512-+NYs2QeMWy+GWFOEm9xnn6HCDp0l7QBD7ml8zLUmJ+93Q5NF0NocErnwkTkXVFNiX3/fpC6afS8Dhb/gz7R7eg==
  
  vary@^1, vary@~1.1.2:
    version "1.1.2"
    resolved "https://registry.yarnpkg.com/vary/-/vary-1.1.2.tgz#2299f02c6ded30d4a5961b0b9f74524a18f634fc"
    integrity sha512-BNGbWLfd0eUPabhkXUVm0j8uuvREyTh5ovRa/dyow/BqAbZJyC+5fU+IzQOzmAKzYqYRAISoRhdQr3eIZ/PXqg==
  
  webidl-conversions@^7.0.0:
    version "7.0.0"
    resolved "https://registry.yarnpkg.com/webidl-conversions/-/webidl-conversions-7.0.0.tgz#256b4e1882be7debbf01d05f0aa2039778ea080a"
    integrity sha512-VwddBukDzu71offAQR975unBIGqfKZpM+8ZX6ySk8nYhVoo5CYaZyzt3YBvYtRtO+aoGlqxPg/B87NGVZ/fu6g==
  
  whatwg-url@^11.0.0:
    version "11.0.0"
    resolved "https://registry.yarnpkg.com/whatwg-url/-/whatwg-url-11.0.0.tgz#0a849eebb5faf2119b901bb76fd795c2848d4018"
    integrity sha512-RKT8HExMpoYx4igMiVMY83lN6UeITKJlBQ+vR/8ZJ8OCdSiN3RwCq+9gH0+Xzj0+5IrM6i4j/6LuvzbZIQgEcQ==
    dependencies:
      tr46 "^3.0.0"
      webidl-conversions "^7.0.0"
  
  which@^1.2.9:
    version "1.3.1"
    resolved "https://registry.yarnpkg.com/which/-/which-1.3.1.tgz#a45043d54f5805316da8d62f9f50918d3da70b0a"
    integrity sha512-HxJdYWq1MTIQbJ3nw0cqssHoTNU267KlrDuGZ1WYlxDStUtKUhOaJmh112/TZmHxxUfuJqPXSOm7tDyas0OSIQ==
    dependencies:
      isexe "^2.0.0"
  
  ws@~8.11.0:
    version "8.11.0"
    resolved "https://registry.yarnpkg.com/ws/-/ws-8.11.0.tgz#6a0d36b8edfd9f96d8b25683db2f8d7de6e8e143"
    integrity sha512-HPG3wQd9sNQoT9xHyNCXoDUa+Xw/VevmY9FoHyQ+g+rrMn4j6FB4np7Z0OhdTgjx6MgQLK7jwSy1YecU1+4Asg==
